2025-04-26 22:17:42.369 [info] Reading sessions from keychain...
2025-04-26 22:17:42.369 [info] Getting sessions for all scopes...
2025-04-26 22:17:42.369 [info] Getting sessions for all scopes...
2025-04-26 22:17:42.369 [info] Getting sessions for all scopes...
2025-04-26 22:17:42.369 [info] Getting sessions for all scopes...
2025-04-26 22:17:42.369 [info] Getting sessions for all scopes...
2025-04-26 22:17:42.369 [info] Getting sessions for all scopes...
2025-04-26 22:17:42.369 [info] Getting sessions for all scopes...
2025-04-26 22:17:42.370 [info] Getting sessions for all scopes...
2025-04-26 22:17:42.370 [info] Got 0 sessions for ...
2025-04-26 22:17:42.370 [info] Got 0 sessions for ...
2025-04-26 22:17:42.370 [info] Got 0 sessions for ...
2025-04-26 22:17:42.370 [info] Got 0 sessions for ...
2025-04-26 22:17:42.370 [info] Got 0 sessions for ...
2025-04-26 22:17:42.370 [info] Got 0 sessions for ...
2025-04-26 22:17:42.370 [info] Got 0 sessions for ...
2025-04-26 22:17:42.370 [info] Got 0 sessions for ...
2025-04-26 22:17:44.955 [info] Getting sessions for all scopes...
2025-04-26 22:17:44.955 [info] Got 0 sessions for ...
2025-04-26 22:17:46.070 [info] Getting sessions for all scopes...
2025-04-26 22:17:46.070 [info] Got 0 sessions for ...
2025-04-29 10:18:32.154 [info] Getting sessions for read:user,repo,user:email,workflow...
2025-04-29 10:18:32.155 [info] Got 0 sessions for read:user,repo,user:email,workflow...
2025-04-30 12:55:11.642 [info] Reading sessions from keychain...
2025-04-30 12:55:11.642 [info] Getting sessions for all scopes...
2025-04-30 12:55:11.642 [info] Got 0 sessions for ...
2025-04-30 12:55:11.642 [info] Getting sessions for all scopes...
2025-04-30 12:55:11.642 [info] Got 0 sessions for ...
2025-04-30 12:55:11.642 [info] Getting sessions for all scopes...
2025-04-30 12:55:11.642 [info] Got 0 sessions for ...
2025-04-30 12:55:18.689 [info] Getting sessions for read:user,repo,user:email,workflow...
2025-04-30 12:55:18.689 [info] Got 0 sessions for read:user,repo,user:email,workflow...
