2025-04-28 18:53:03.803 [error] #75: https://main.vscode-cdn.net/extensions/chat.json - error GET Failed to fetch
2025-04-29 10:16:50.788 [error] #82: https://main.vscode-cdn.net/extensions/chat.json - error GET Failed to fetch
2025-04-29 10:16:50.804 [error] #83: https://marketplace.visualstudio.com/_apis/public/gallery/vscode/esbenp/prettier-vscode/latest - error GET Failed to fetch
2025-04-29 10:16:50.820 [error] #84: https://marketplace.visualstudio.com/_apis/public/gallery/vscode/ms-python/debugpy/latest - error GET Failed to fetch
2025-04-29 10:16:50.821 [error] #85: https://marketplace.visualstudio.com/_apis/public/gallery/vscode/ms-python/python/latest - error GET Failed to fetch
2025-04-29 10:16:50.847 [error] #86: https://marketplace.visualstudio.com/_apis/public/gallery/vscode/ms-python/vscode-pylance/latest - error GET Failed to fetch
2025-04-29 10:16:50.850 [error] #87: https://marketplace.visualstudio.com/_apis/public/gallery/vscode/ritwickdey/liveserver/latest - error GET Failed to fetch
2025-04-29 11:53:52.337 [error] #105: https://main.vscode-cdn.net/extensions/chat.json - error GET Failed to fetch
2025-04-29 20:06:45.986 [error] #137: https://main.vscode-cdn.net/extensions/chat.json - error GET Failed to fetch
2025-04-30 11:19:13.267 [error] #159: https://main.vscode-cdn.net/extensions/chat.json - error GET Failed to fetch
2025-04-30 11:19:13.372 [error] #160: https://marketplace.visualstudio.com/_apis/public/gallery/vscode/esbenp/prettier-vscode/latest - error GET Failed to fetch
2025-04-30 11:19:13.372 [error] #161: https://marketplace.visualstudio.com/_apis/public/gallery/vscode/ms-python/debugpy/latest - error GET Failed to fetch
2025-04-30 11:19:13.669 [error] #162: https://marketplace.visualstudio.com/_apis/public/gallery/vscode/ms-python/python/latest - error GET Failed to fetch
2025-04-30 11:19:13.692 [error] #163: https://marketplace.visualstudio.com/_apis/public/gallery/vscode/ms-python/vscode-pylance/latest - error GET Failed to fetch
2025-04-30 11:19:13.725 [error] #164: https://marketplace.visualstudio.com/_apis/public/gallery/vscode/ritwickdey/liveserver/latest - error GET Failed to fetch
2025-04-30 11:19:15.674 [error] #165: https://www.vscode-unpkg.net/_gallery/esbenp/prettier-vscode/latest - error GET Failed to fetch
2025-04-30 11:19:15.708 [error] #167: https://www.vscode-unpkg.net/_gallery/ms-python/python/latest - error GET Failed to fetch
2025-04-30 11:19:15.708 [error] #166: https://www.vscode-unpkg.net/_gallery/ms-python/debugpy/latest - error GET Failed to fetch
2025-04-30 11:19:15.709 [error] #168: https://www.vscode-unpkg.net/_gallery/ms-python/vscode-pylance/latest - error GET Failed to fetch
2025-04-30 11:19:15.709 [error] #169: https://www.vscode-unpkg.net/_gallery/ritwickdey/liveserver/latest - error GET Failed to fetch
