2025-04-30 15:30:52.202 [info] [main] Log level: Info
2025-04-30 15:30:52.202 [info] [main] Validating found git in: "git"
2025-04-30 15:30:52.202 [info] [main] Using git "2.39.5" from "git"
2025-04-30 15:30:52.202 [info] [Model][doInitialScan] Initial repository scan started
2025-04-30 15:30:52.202 [info] [Model][doInitialScan] Initial repository scan completed - repositories (0), closed repositories (0), parent repositories (0), unsafe repositories (0)
2025-04-30 15:31:04.165 [info] > git rev-parse --show-toplevel [15ms]
2025-04-30 15:31:04.179 [info] > git rev-parse --git-dir --git-common-dir [6ms]
2025-04-30 15:31:04.197 [info] [Model][openRepository] Opened repository: /home/harleywolfley
2025-04-30 15:31:04.214 [info] > git config --get commit.template [2ms]
2025-04-30 15:31:04.228 [info] > git for-each-ref --format=%(refname)%00%(upstream:short)%00%(objectname)%00%(upstream:track)%00%(upstream:remotename)%00%(upstream:remoteref) refs/heads/main refs/remotes/main [2ms]
2025-04-30 15:31:04.286 [info] > git for-each-ref --sort -committerdate --format %(refname)%00%(objectname)%00%(*objectname) [13ms]
2025-04-30 15:31:05.362 [info] > git show --textconv :spring25/itm101/helloworld.py [20ms]
2025-04-30 15:31:05.527 [info] > git ls-files --stage -- spring25/itm101/helloworld.py [178ms]
2025-04-30 15:31:05.563 [info] > git cat-file -s 8e235769c023ae8b5dad489734aa4ac26ad526de [30ms]
2025-04-30 15:31:05.586 [info] > git status -z -uall [1339ms] (cancelled)
2025-04-30 15:31:08.838 [info] > git check-ignore -v -z --stdin [2681ms]
2025-04-30 15:31:08.845 [info] > git for-each-ref --format=%(refname)%00%(upstream:short)%00%(objectname)%00%(upstream:track)%00%(upstream:remotename)%00%(upstream:remoteref) refs/heads/main refs/remotes/main [2715ms]
2025-04-30 15:31:10.196 [info] > git config --get --local branch.main.vscode-merge-base [1343ms]
2025-04-30 15:31:10.196 [warning] [Git][config] git config failed: Failed to execute git
2025-04-30 15:31:10.216 [info] > git config --get commit.template [1384ms]
2025-04-30 15:31:10.371 [info] > git reflog main --grep-reflog=branch: Created from *. [155ms]
2025-04-30 15:31:10.439 [info] > git symbolic-ref --short refs/remotes/origin/HEAD [47ms]
2025-04-30 15:31:10.440 [info] fatal: ref refs/remotes/origin/HEAD is not a symbolic ref
2025-04-30 15:31:10.440 [warning] [Repository][getDefaultBranch] Failed to get default branch details: Failed to execute git.
2025-04-30 15:31:10.456 [info] > git merge-base refs/heads/main refs/remotes/origin/main [5ms]
2025-04-30 15:31:10.491 [info] > git for-each-ref --format=%(refname)%00%(upstream:short)%00%(objectname)%00%(upstream:track)%00%(upstream:remotename)%00%(upstream:remoteref) refs/heads/main refs/remotes/main [65ms]
2025-04-30 15:31:10.833 [info] > git for-each-ref --sort -committerdate --format %(refname)%00%(objectname)%00%(*objectname) [269ms]
2025-04-30 15:31:10.835 [info] > git diff --name-status -z --diff-filter=ADMR 8a36949462a9731f284e5da2e012ae61d3da494b...refs/remotes/origin/main [344ms]
2025-04-30 15:31:11.267 [info] > git status -z -uall [751ms] (cancelled)
2025-04-30 15:31:13.537 [info] > git show --textconv :spring25/itm101/helloworld.py [19ms]
2025-04-30 15:31:13.537 [info] > git ls-files --stage -- spring25/itm101/helloworld.py [1ms]
2025-04-30 15:31:13.547 [info] > git cat-file -s 8e235769c023ae8b5dad489734aa4ac26ad526de [2ms]
2025-04-30 15:31:15.433 [info] > git blame --root --incremental 8a36949462a9731f284e5da2e012ae61d3da494b -- spring25/itm101/helloworld.py [23ms]
2025-04-30 15:56:21.171 [info] > git show --textconv :spring25/itm101/mathHarleyWolfley.js [64ms]
2025-04-30 15:56:21.171 [info] > git ls-files --stage -- spring25/itm101/mathHarleyWolfley.js [3ms]
2025-04-30 15:56:21.269 [info] > git hash-object -t tree /dev/null [24ms]
2025-04-30 15:56:21.272 [warning] [GitFileSystemProvider][readFile] File not found - git:/home/harleywolfley/spring25/itm101/mathHarleyWolfley.js.git?%7B%22path%22%3A%22%2Fhome%2Fharleywolfley%2Fspring25%2Fitm101%2FmathHarleyWolfley.js%22%2C%22ref%22%3A%22%22%7D
2025-04-30 15:56:21.281 [info] > git hash-object -t tree /dev/null [64ms]
2025-04-30 15:56:21.284 [warning] [GitFileSystemProvider][stat] File not found - git:/home/harleywolfley/spring25/itm101/mathHarleyWolfley.js.git?%7B%22path%22%3A%22%2Fhome%2Fharleywolfley%2Fspring25%2Fitm101%2FmathHarleyWolfley.js%22%2C%22ref%22%3A%22%22%7D
2025-04-30 15:56:21.423 [info] > git check-ignore -v -z --stdin [19ms]
2025-04-30 15:59:24.094 [info] > git blame --root --incremental 8a36949462a9731f284e5da2e012ae61d3da494b -- spring25/itm101/mathHarleyWolfley.js [9ms]
2025-04-30 15:59:24.094 [info] fatal: no such path spring25/itm101/mathHarleyWolfley.js in 8a36949462a9731f284e5da2e012ae61d3da494b
2025-04-30 16:12:13.226 [info] > git show --textconv :spring25/itm101/aimath.js [13ms]
2025-04-30 16:12:13.231 [warning] [GitFileSystemProvider][readFile] File not found - git:/home/harleywolfley/spring25/itm101/aimath.js.git?%7B%22path%22%3A%22%2Fhome%2Fharleywolfley%2Fspring25%2Fitm101%2Faimath.js%22%2C%22ref%22%3A%22%22%7D
2025-04-30 16:12:13.237 [info] > git ls-files --stage -- spring25/itm101/aimath.js [13ms]
2025-04-30 16:12:13.238 [warning] [GitFileSystemProvider][stat] File not found - git:/home/harleywolfley/spring25/itm101/aimath.js.git?%7B%22path%22%3A%22%2Fhome%2Fharleywolfley%2Fspring25%2Fitm101%2Faimath.js%22%2C%22ref%22%3A%22%22%7D
2025-04-30 16:12:13.522 [info] > git check-ignore -v -z --stdin [12ms]
2025-04-30 16:12:15.263 [info] > git blame --root --incremental 8a36949462a9731f284e5da2e012ae61d3da494b -- spring25/itm101/aimath.js [1ms]
2025-04-30 16:12:15.263 [info] fatal: no such path spring25/itm101/aimath.js in 8a36949462a9731f284e5da2e012ae61d3da494b
2025-04-30 16:21:37.397 [info] > git show --textconv :spring25/itm101/mathHarleyWolfley.js [11ms]
2025-04-30 16:21:37.401 [warning] [GitFileSystemProvider][readFile] File not found - git:/home/harleywolfley/spring25/itm101/mathHarleyWolfley.js.git?%7B%22path%22%3A%22%2Fhome%2Fharleywolfley%2Fspring25%2Fitm101%2FmathHarleyWolfley.js%22%2C%22ref%22%3A%22%22%7D
2025-04-30 16:21:37.405 [info] > git ls-files --stage -- spring25/itm101/mathHarleyWolfley.js [8ms]
2025-04-30 16:21:37.407 [warning] [GitFileSystemProvider][stat] File not found - git:/home/harleywolfley/spring25/itm101/mathHarleyWolfley.js.git?%7B%22path%22%3A%22%2Fhome%2Fharleywolfley%2Fspring25%2Fitm101%2FmathHarleyWolfley.js%22%2C%22ref%22%3A%22%22%7D
2025-05-01 10:28:02.742 [info] > git show --textconv :spring25/cse110/asd.py [41ms]
2025-05-01 10:28:02.747 [info] > git ls-files --stage -- spring25/cse110/asd.py [24ms]
2025-05-01 10:28:02.749 [warning] [GitFileSystemProvider][stat] File not found - git:/home/harleywolfley/spring25/cse110/asd.py.git?%7B%22path%22%3A%22%2Fhome%2Fharleywolfley%2Fspring25%2Fcse110%2Fasd.py%22%2C%22ref%22%3A%22%22%7D
2025-05-01 10:28:02.750 [warning] [GitFileSystemProvider][readFile] File not found - git:/home/harleywolfley/spring25/cse110/asd.py.git?%7B%22path%22%3A%22%2Fhome%2Fharleywolfley%2Fspring25%2Fcse110%2Fasd.py%22%2C%22ref%22%3A%22%22%7D
2025-05-01 10:28:02.896 [info] > git check-ignore -v -z --stdin [4ms]
2025-05-01 10:28:04.537 [info] > git blame --root --incremental 8a36949462a9731f284e5da2e012ae61d3da494b -- spring25/cse110/asd.py [9ms]
2025-05-01 10:28:04.537 [info] fatal: no such path spring25/cse110/asd.py in 8a36949462a9731f284e5da2e012ae61d3da494b
2025-05-01 10:34:29.313 [info] > git show --textconv :spring25/cse110/02prove.py [23ms]
2025-05-01 10:34:29.327 [warning] [GitFileSystemProvider][readFile] File not found - git:/home/harleywolfley/spring25/cse110/02prove.py.git?%7B%22path%22%3A%22%2Fhome%2Fharleywolfley%2Fspring25%2Fcse110%2F02prove.py%22%2C%22ref%22%3A%22%22%7D
2025-05-01 10:34:29.332 [info] > git ls-files --stage -- spring25/cse110/02prove.py [20ms]
2025-05-01 10:34:29.332 [warning] [GitFileSystemProvider][stat] File not found - git:/home/harleywolfley/spring25/cse110/02prove.py.git?%7B%22path%22%3A%22%2Fhome%2Fharleywolfley%2Fspring25%2Fcse110%2F02prove.py%22%2C%22ref%22%3A%22%22%7D
2025-05-01 10:34:29.497 [info] > git check-ignore -v -z --stdin [1ms]
2025-05-01 10:34:30.559 [info] > git blame --root --incremental 8a36949462a9731f284e5da2e012ae61d3da494b -- spring25/cse110/02prove.py [21ms]
2025-05-01 10:34:30.559 [info] fatal: no such path spring25/cse110/02prove.py in 8a36949462a9731f284e5da2e012ae61d3da494b
2025-05-01 10:34:39.577 [info] > git show --textconv :spring25/cse110/asd.py [1ms]
2025-05-01 10:34:39.578 [warning] [GitFileSystemProvider][readFile] File not found - git:/home/harleywolfley/spring25/cse110/asd.py.git?%7B%22path%22%3A%22%2Fhome%2Fharleywolfley%2Fspring25%2Fcse110%2Fasd.py%22%2C%22ref%22%3A%22%22%7D
2025-05-01 10:34:39.598 [info] > git ls-files --stage -- spring25/cse110/asd.py [1ms]
2025-05-01 10:34:39.601 [warning] [GitFileSystemProvider][stat] File not found - git:/home/harleywolfley/spring25/cse110/asd.py.git?%7B%22path%22%3A%22%2Fhome%2Fharleywolfley%2Fspring25%2Fcse110%2Fasd.py%22%2C%22ref%22%3A%22%22%7D
2025-05-01 10:58:26.637 [info] > git show --textconv :spring25/cse110/02prove.py [22ms]
2025-05-01 10:58:26.641 [warning] [GitFileSystemProvider][readFile] File not found - git:/home/harleywolfley/spring25/cse110/02prove.py.git?%7B%22path%22%3A%22%2Fhome%2Fharleywolfley%2Fspring25%2Fcse110%2F02prove.py%22%2C%22ref%22%3A%22%22%7D
2025-05-01 10:58:26.644 [info] > git ls-files --stage -- spring25/cse110/02prove.py [8ms]
2025-05-01 10:58:26.646 [warning] [GitFileSystemProvider][stat] File not found - git:/home/harleywolfley/spring25/cse110/02prove.py.git?%7B%22path%22%3A%22%2Fhome%2Fharleywolfley%2Fspring25%2Fcse110%2F02prove.py%22%2C%22ref%22%3A%22%22%7D
2025-05-01 10:59:53.840 [info] > git show --textconv :spring25/cse110/02prove2.py [37ms]
2025-05-01 10:59:53.841 [warning] [GitFileSystemProvider][readFile] File not found - git:/home/harleywolfley/spring25/cse110/02prove2.py.git?%7B%22path%22%3A%22%2Fhome%2Fharleywolfley%2Fspring25%2Fcse110%2F02prove2.py%22%2C%22ref%22%3A%22%22%7D
2025-05-01 10:59:53.852 [info] > git ls-files --stage -- spring25/cse110/02prove2.py [13ms]
2025-05-01 10:59:53.854 [warning] [GitFileSystemProvider][stat] File not found - git:/home/harleywolfley/spring25/cse110/02prove2.py.git?%7B%22path%22%3A%22%2Fhome%2Fharleywolfley%2Fspring25%2Fcse110%2F02prove2.py%22%2C%22ref%22%3A%22%22%7D
2025-05-01 10:59:53.908 [info] > git blame --root --incremental 8a36949462a9731f284e5da2e012ae61d3da494b -- spring25/cse110/02prove2.py [12ms]
2025-05-01 10:59:53.908 [info] fatal: no such path spring25/cse110/02prove2.py in 8a36949462a9731f284e5da2e012ae61d3da494b
2025-05-01 10:59:54.241 [info] > git check-ignore -v -z --stdin [12ms]
2025-05-01 10:59:59.144 [info] > git show --textconv :spring25/cse110/02prove.py [18ms]
2025-05-01 10:59:59.145 [info] > git ls-files --stage -- spring25/cse110/02prove.py [2ms]
2025-05-01 10:59:59.146 [warning] [GitFileSystemProvider][stat] File not found - git:/home/harleywolfley/spring25/cse110/02prove.py.git?%7B%22path%22%3A%22%2Fhome%2Fharleywolfley%2Fspring25%2Fcse110%2F02prove.py%22%2C%22ref%22%3A%22%22%7D
2025-05-01 10:59:59.148 [warning] [GitFileSystemProvider][readFile] File not found - git:/home/harleywolfley/spring25/cse110/02prove.py.git?%7B%22path%22%3A%22%2Fhome%2Fharleywolfley%2Fspring25%2Fcse110%2F02prove.py%22%2C%22ref%22%3A%22%22%7D
2025-05-01 11:02:19.194 [info] > git show --textconv :spring25/itm101/aimath.js [0ms]
2025-05-01 11:02:19.201 [warning] [GitFileSystemProvider][readFile] File not found - git:/home/harleywolfley/spring25/itm101/aimath.js.git?%7B%22path%22%3A%22%2Fhome%2Fharleywolfley%2Fspring25%2Fitm101%2Faimath.js%22%2C%22ref%22%3A%22%22%7D
2025-05-01 11:02:19.232 [info] > git ls-files --stage -- spring25/itm101/aimath.js [8ms]
2025-05-01 11:02:19.233 [warning] [GitFileSystemProvider][stat] File not found - git:/home/harleywolfley/spring25/itm101/aimath.js.git?%7B%22path%22%3A%22%2Fhome%2Fharleywolfley%2Fspring25%2Fitm101%2Faimath.js%22%2C%22ref%22%3A%22%22%7D
