2025-04-23 12:20:56.494 [info] [main] Log level: Info
2025-04-23 12:20:56.494 [info] [main] Validating found git in: "git"
2025-04-23 12:20:56.494 [info] [main] Using git "2.39.5" from "git"
2025-04-23 12:20:56.494 [info] [Model][doInitialScan] Initial repository scan started
2025-04-23 12:20:56.494 [info] [Model][doInitialScan] Initial repository scan completed - repositories (0), closed repositories (0), parent repositories (0), unsafe repositories (0)
2025-04-23 13:06:43.745 [info] > git rev-parse --show-toplevel [13ms]
2025-04-23 13:06:43.745 [info] fatal: not a git repository (or any of the parent directories): .git
2025-04-23 13:21:32.474 [info] > git rev-parse --show-toplevel [20ms]
2025-04-23 13:21:32.475 [info] fatal: not a git repository (or any of the parent directories): .git
2025-04-23 13:22:32.576 [info] > git rev-parse --show-toplevel [33ms]
2025-04-23 13:22:32.576 [info] fatal: not a git repository (or any of the parent directories): .git
2025-04-23 13:23:17.816 [info] > git rev-parse --show-toplevel [3ms]
2025-04-23 13:23:17.816 [info] fatal: not a git repository (or any of the parent directories): .git
2025-04-23 13:23:35.465 [info] > git rev-parse --show-toplevel [14ms]
2025-04-23 13:23:35.465 [info] fatal: not a git repository (or any of the parent directories): .git
2025-04-23 13:25:50.745 [info] > git rev-parse --show-toplevel [2ms]
2025-04-23 13:25:50.746 [info] fatal: not a git repository (or any of the parent directories): .git
2025-04-23 13:32:58.000 [info] > git rev-parse --show-toplevel [4ms]
2025-04-23 13:32:58.000 [info] fatal: not a git repository (or any of the parent directories): .git
2025-04-23 13:33:45.757 [info] > git rev-parse --show-toplevel [2ms]
2025-04-23 13:33:45.757 [info] fatal: not a git repository (or any of the parent directories): .git
2025-04-23 20:06:32.123 [info] > git rev-parse --show-toplevel [12ms]
2025-04-23 20:06:32.123 [info] fatal: not a git repository (or any of the parent directories): .git
2025-04-23 20:06:36.528 [info] > git rev-parse --show-toplevel [6ms]
2025-04-23 20:06:36.528 [info] fatal: not a git repository (or any of the parent directories): .git
2025-04-23 20:09:14.592 [info] > git rev-parse --show-toplevel [65ms]
2025-04-23 20:09:14.592 [info] fatal: not a git repository (or any of the parent directories): .git
2025-04-23 20:10:16.729 [info] > git rev-parse --show-toplevel [2ms]
2025-04-23 20:10:16.729 [info] fatal: not a git repository (or any of the parent directories): .git
2025-04-23 20:11:31.877 [info] > git rev-parse --show-toplevel [12ms]
2025-04-23 20:11:31.877 [info] fatal: not a git repository (or any of the parent directories): .git
2025-04-23 20:11:33.859 [info] > git rev-parse --show-toplevel [22ms]
2025-04-23 20:11:33.859 [info] fatal: not a git repository (or any of the parent directories): .git
2025-04-23 20:11:41.417 [info] > git rev-parse --show-toplevel [7ms]
2025-04-23 20:11:41.417 [info] fatal: not a git repository (or any of the parent directories): .git
2025-04-23 20:11:44.733 [info] > git rev-parse --show-toplevel [2ms]
2025-04-23 20:11:44.733 [info] fatal: not a git repository (or any of the parent directories): .git
2025-04-23 20:12:01.893 [info] > git rev-parse --show-toplevel [6ms]
2025-04-23 20:12:01.893 [info] fatal: not a git repository (or any of the parent directories): .git
2025-04-23 20:12:31.774 [info] > git rev-parse --show-toplevel [14ms]
2025-04-23 20:12:31.774 [info] fatal: not a git repository (or any of the parent directories): .git
2025-04-24 10:08:18.447 [info] > git rev-parse --show-toplevel [8ms]
2025-04-24 10:08:18.447 [info] fatal: not a git repository (or any of the parent directories): .git
2025-04-24 10:08:40.350 [info] > git rev-parse --show-toplevel [4ms]
2025-04-24 10:08:40.350 [info] fatal: not a git repository (or any of the parent directories): .git
2025-04-24 10:10:44.523 [info] > git rev-parse --show-toplevel [21ms]
2025-04-24 10:10:44.523 [info] fatal: not a git repository (or any of the parent directories): .git
2025-04-24 10:10:45.805 [info] > git rev-parse --show-toplevel [3ms]
2025-04-24 10:10:45.805 [info] fatal: not a git repository (or any of the parent directories): .git
2025-04-24 10:10:49.993 [info] > git rev-parse --show-toplevel [3ms]
2025-04-24 10:10:49.994 [info] fatal: not a git repository (or any of the parent directories): .git
2025-04-24 10:10:51.076 [info] > git rev-parse --show-toplevel [4ms]
2025-04-24 10:10:51.077 [info] fatal: not a git repository (or any of the parent directories): .git
2025-04-24 10:10:51.672 [info] > git rev-parse --show-toplevel [16ms]
2025-04-24 10:10:51.673 [info] fatal: not a git repository (or any of the parent directories): .git
2025-04-24 10:11:22.294 [info] > git rev-parse --show-toplevel [19ms]
2025-04-24 10:11:22.294 [info] fatal: not a git repository (or any of the parent directories): .git
2025-04-24 10:11:54.821 [info] > git rev-parse --show-toplevel [9ms]
2025-04-24 10:11:54.821 [info] fatal: not a git repository (or any of the parent directories): .git
2025-04-24 11:02:11.345 [info] > git rev-parse --show-toplevel [16ms]
2025-04-24 11:02:11.346 [info] fatal: not a git repository (or any of the parent directories): .git
2025-04-24 14:32:53.584 [info] > git rev-parse --show-toplevel [3ms]
2025-04-24 14:32:53.584 [info] fatal: not a git repository (or any of the parent directories): .git
2025-04-26 19:27:17.846 [info] > git rev-parse --show-toplevel [8ms]
2025-04-26 19:27:17.846 [info] fatal: not a git repository (or any of the parent directories): .git
2025-04-26 19:27:29.873 [info] > git rev-parse --show-toplevel [5ms]
2025-04-26 19:27:29.873 [info] fatal: not a git repository (or any of the parent directories): .git
2025-04-26 19:27:38.661 [info] > git rev-parse --show-toplevel [3ms]
2025-04-26 19:27:38.661 [info] fatal: not a git repository (or any of the parent directories): .git
