2025-05-05 11:52:23.677 [info] Reading sessions from keychain...
2025-05-05 11:52:23.677 [info] Getting sessions for all scopes...
2025-05-05 11:52:23.677 [info] Getting sessions for all scopes...
2025-05-05 11:52:23.677 [info] Getting sessions for all scopes...
2025-05-05 11:52:23.677 [info] Getting sessions for all scopes...
2025-05-05 11:52:23.677 [info] Getting sessions for all scopes...
2025-05-05 11:52:23.677 [info] Getting sessions for all scopes...
2025-05-05 11:52:23.677 [info] Getting sessions for all scopes...
2025-05-05 11:52:23.677 [info] Getting sessions for all scopes...
2025-05-05 11:52:23.677 [info] Getting sessions for all scopes...
2025-05-05 11:52:23.860 [info] Got 0 sessions for ...
2025-05-05 11:52:23.860 [info] Got 0 sessions for ...
2025-05-05 11:52:23.860 [info] Got 0 sessions for ...
2025-05-05 11:52:23.860 [info] Got 0 sessions for ...
2025-05-05 11:52:23.860 [info] Got 0 sessions for ...
2025-05-05 11:52:23.860 [info] Got 0 sessions for ...
2025-05-05 11:52:23.860 [info] Got 0 sessions for ...
2025-05-05 11:52:23.860 [info] Got 0 sessions for ...
2025-05-05 11:52:23.860 [info] Got 0 sessions for ...
2025-05-05 11:52:24.197 [info] Getting sessions for all scopes...
2025-05-05 11:52:24.197 [info] Got 0 sessions for ...
2025-05-05 11:52:40.633 [info] Reading sessions from keychain...
2025-05-05 11:52:40.633 [info] Getting sessions for all scopes...
2025-05-05 11:52:40.633 [info] Getting sessions for all scopes...
2025-05-05 11:52:40.633 [info] Getting sessions for all scopes...
2025-05-05 11:52:40.633 [info] Getting sessions for all scopes...
2025-05-05 11:52:40.633 [info] Got 0 sessions for ...
2025-05-05 11:52:40.633 [info] Got 0 sessions for ...
2025-05-05 11:52:40.633 [info] Got 0 sessions for ...
2025-05-05 11:52:40.633 [info] Got 0 sessions for ...
2025-05-05 11:52:40.742 [info] Getting sessions for all scopes...
2025-05-05 11:52:40.742 [info] Got 0 sessions for ...
2025-05-05 11:52:40.742 [info] Getting sessions for all scopes...
2025-05-05 11:52:40.742 [info] Got 0 sessions for ...
2025-05-05 11:52:40.743 [info] Getting sessions for all scopes...
2025-05-05 11:52:40.743 [info] Got 0 sessions for ...
2025-05-05 11:52:40.743 [info] Getting sessions for all scopes...
2025-05-05 11:52:40.743 [info] Got 0 sessions for ...
2025-05-05 11:52:40.743 [info] Getting sessions for all scopes...
2025-05-05 11:52:40.743 [info] Got 0 sessions for ...
2025-05-05 11:52:41.525 [info] Getting sessions for all scopes...
2025-05-05 11:52:41.525 [info] Got 0 sessions for ...
2025-05-05 11:52:46.664 [info] Getting sessions for read:user,repo,user:email,workflow...
2025-05-05 11:52:46.664 [info] Got 0 sessions for read:user,repo,user:email,workflow...
