2025-05-05 11:52:24.838 [info] [main] Log level: Info
2025-05-05 11:52:24.838 [info] [main] Validating found git in: "git"
2025-05-05 11:52:24.838 [info] [main] Using git "2.39.5" from "git"
2025-05-05 11:52:24.838 [info] [Model][doInitialScan] Initial repository scan started
2025-05-05 11:52:24.838 [info] [Model][doInitialScan] Initial repository scan completed - repositories (0), closed repositories (0), parent repositories (0), unsafe repositories (0)
2025-05-05 11:52:42.937 [info] [main] Log level: Info
2025-05-05 11:52:42.937 [info] [main] Validating found git in: "git"
2025-05-05 11:52:42.937 [info] [main] Using git "2.39.5" from "git"
2025-05-05 11:52:42.937 [info] [Model][doInitialScan] Initial repository scan started
2025-05-05 11:52:42.940 [info] > git rev-parse --show-toplevel [27ms]
2025-05-05 11:52:42.959 [info] > git rev-parse --git-dir --git-common-dir [6ms]
2025-05-05 11:52:42.989 [info] [Model][openRepository] Opened repository: /home/harleywolfley
2025-05-05 11:52:43.001 [info] [Model][doInitialScan] Initial repository scan completed - repositories (1), closed repositories (0), parent repositories (0), unsafe repositories (0)
2025-05-05 11:52:43.023 [info] > git config --get commit.template [5ms]
2025-05-05 11:52:43.043 [info] > git for-each-ref --format=%(refname)%00%(upstream:short)%00%(objectname)%00%(upstream:track)%00%(upstream:remotename)%00%(upstream:remoteref) refs/heads/main refs/remotes/main [10ms]
2025-05-05 11:52:43.083 [info] > git for-each-ref --sort -committerdate --format %(refname)%00%(objectname)%00%(*objectname) [14ms]
2025-05-05 11:52:46.226 [info] > git status -z -uall [3170ms] (cancelled)
2025-05-05 11:52:46.226 [info] > git check-ignore -v -z --stdin [2360ms]
2025-05-05 11:52:46.232 [info] > git for-each-ref --format=%(refname)%00%(upstream:short)%00%(objectname)%00%(upstream:track)%00%(upstream:remotename)%00%(upstream:remoteref) refs/heads/main refs/remotes/main [2405ms]
2025-05-05 11:52:46.316 [info] > git config --get --local branch.main.vscode-merge-base [51ms]
2025-05-05 11:52:46.319 [warning] [Git][config] git config failed: Failed to execute git
2025-05-05 11:52:46.401 [info] > git config --get commit.template [245ms]
2025-05-05 11:52:46.402 [info] > git reflog main --grep-reflog=branch: Created from *. [22ms]
2025-05-05 11:52:46.421 [info] > git symbolic-ref --short refs/remotes/origin/HEAD [12ms]
2025-05-05 11:52:46.421 [info] fatal: ref refs/remotes/origin/HEAD is not a symbolic ref
2025-05-05 11:52:46.421 [warning] [Repository][getDefaultBranch] Failed to get default branch details: Failed to execute git.
2025-05-05 11:52:46.453 [info] > git merge-base refs/heads/main refs/remotes/origin/main [1ms]
2025-05-05 11:52:46.491 [info] > git for-each-ref --format=%(refname)%00%(upstream:short)%00%(objectname)%00%(upstream:track)%00%(upstream:remotename)%00%(upstream:remoteref) refs/heads/main refs/remotes/main [72ms]
2025-05-05 11:52:46.492 [info] > git diff --name-status -z --diff-filter=ADMR d750549661d6798f2f0f67593c4a76cef29f7a83...refs/remotes/origin/main [1ms]
2025-05-05 11:52:46.526 [info] > git for-each-ref --sort -committerdate --format %(refname)%00%(objectname)%00%(*objectname) [3ms]
2025-05-05 11:52:48.744 [info] > git status -z -uall [2227ms] (cancelled)
2025-05-05 11:52:49.657 [info] > git check-ignore -v -z --stdin [6ms]
2025-05-05 11:53:06.038 [info] > git check-ignore -v -z --stdin [319ms]
2025-05-05 11:53:06.096 [info] > git show --textconv :spring25/itm101/google-cloudshell-webserver/asdf.html [37ms]
2025-05-05 11:53:06.096 [info] > git ls-files --stage -- spring25/itm101/google-cloudshell-webserver/asdf.html [10ms]
2025-05-05 11:53:06.131 [info] > git hash-object -t tree /dev/null [25ms]
2025-05-05 11:53:06.132 [warning] [GitFileSystemProvider][stat] File not found - git:/home/harleywolfley/spring25/itm101/google-cloudshell-webserver/asdf.html.git?%7B%22path%22%3A%22%2Fhome%2Fharleywolfley%2Fspring25%2Fitm101%2Fgoogle-cloudshell-webserver%2Fasdf.html%22%2C%22ref%22%3A%22%22%7D
2025-05-05 11:53:06.148 [info] > git hash-object -t tree /dev/null [20ms]
2025-05-05 11:53:06.148 [warning] [GitFileSystemProvider][readFile] File not found - git:/home/harleywolfley/spring25/itm101/google-cloudshell-webserver/asdf.html.git?%7B%22path%22%3A%22%2Fhome%2Fharleywolfley%2Fspring25%2Fitm101%2Fgoogle-cloudshell-webserver%2Fasdf.html%22%2C%22ref%22%3A%22%22%7D
2025-05-05 11:53:48.977 [info] > git blame --root --incremental d750549661d6798f2f0f67593c4a76cef29f7a83 -- spring25/itm101/google-cloudshell-webserver/asdf.html [6ms]
2025-05-05 11:53:48.977 [info] fatal: no such path spring25/itm101/google-cloudshell-webserver/asdf.html in d750549661d6798f2f0f67593c4a76cef29f7a83
2025-05-05 11:54:36.506 [info] > git show --textconv :spring25/itm101/google-cloudshell-webserver/crochet.html [51ms]
2025-05-05 11:54:36.507 [info] > git ls-files --stage -- spring25/itm101/google-cloudshell-webserver/crochet.html [26ms]
2025-05-05 11:54:36.520 [warning] [GitFileSystemProvider][stat] File not found - git:/home/harleywolfley/spring25/itm101/google-cloudshell-webserver/crochet.html.git?%7B%22path%22%3A%22%2Fhome%2Fharleywolfley%2Fspring25%2Fitm101%2Fgoogle-cloudshell-webserver%2Fcrochet.html%22%2C%22ref%22%3A%22%22%7D
2025-05-05 11:54:36.521 [warning] [GitFileSystemProvider][readFile] File not found - git:/home/harleywolfley/spring25/itm101/google-cloudshell-webserver/crochet.html.git?%7B%22path%22%3A%22%2Fhome%2Fharleywolfley%2Fspring25%2Fitm101%2Fgoogle-cloudshell-webserver%2Fcrochet.html%22%2C%22ref%22%3A%22%22%7D
2025-05-05 11:54:36.530 [info] > git check-ignore -v -z --stdin [3ms]
2025-05-05 11:54:36.579 [info] > git blame --root --incremental d750549661d6798f2f0f67593c4a76cef29f7a83 -- spring25/itm101/google-cloudshell-webserver/crochet.html [7ms]
2025-05-05 11:54:36.579 [info] fatal: no such path spring25/itm101/google-cloudshell-webserver/crochet.html in d750549661d6798f2f0f67593c4a76cef29f7a83
2025-05-05 12:00:06.080 [info] > git check-ignore -v -z --stdin [4ms]
2025-05-05 12:01:35.004 [info] > git show --textconv :spring25/itm101/google-cloudshell-webserver/index.html [1ms]
2025-05-05 12:01:35.028 [warning] [GitFileSystemProvider][readFile] File not found - git:/home/harleywolfley/spring25/itm101/google-cloudshell-webserver/index.html.git?%7B%22path%22%3A%22%2Fhome%2Fharleywolfley%2Fspring25%2Fitm101%2Fgoogle-cloudshell-webserver%2Findex.html%22%2C%22ref%22%3A%22%22%7D
2025-05-05 12:01:35.053 [info] > git ls-files --stage -- spring25/itm101/google-cloudshell-webserver/index.html [1ms]
2025-05-05 12:01:35.060 [warning] [GitFileSystemProvider][stat] File not found - git:/home/harleywolfley/spring25/itm101/google-cloudshell-webserver/index.html.git?%7B%22path%22%3A%22%2Fhome%2Fharleywolfley%2Fspring25%2Fitm101%2Fgoogle-cloudshell-webserver%2Findex.html%22%2C%22ref%22%3A%22%22%7D
2025-05-05 12:01:35.132 [info] > git blame --root --incremental d750549661d6798f2f0f67593c4a76cef29f7a83 -- spring25/itm101/google-cloudshell-webserver/index.html [22ms]
2025-05-05 12:01:35.133 [info] fatal: no such path spring25/itm101/google-cloudshell-webserver/index.html in d750549661d6798f2f0f67593c4a76cef29f7a83
2025-05-05 12:01:35.186 [info] > git check-ignore -v -z --stdin [3ms]
2025-05-05 12:04:39.658 [info] > git show --textconv :spring25/itm101/google-cloudshell-webserver/server.js [491ms]
2025-05-05 12:04:39.658 [info] > git ls-files --stage -- spring25/itm101/google-cloudshell-webserver/server.js [461ms]
2025-05-05 12:04:39.659 [warning] [GitFileSystemProvider][stat] File not found - git:/home/harleywolfley/spring25/itm101/google-cloudshell-webserver/server.js.git?%7B%22path%22%3A%22%2Fhome%2Fharleywolfley%2Fspring25%2Fitm101%2Fgoogle-cloudshell-webserver%2Fserver.js%22%2C%22ref%22%3A%22%22%7D
2025-05-05 12:04:39.660 [warning] [GitFileSystemProvider][readFile] File not found - git:/home/harleywolfley/spring25/itm101/google-cloudshell-webserver/server.js.git?%7B%22path%22%3A%22%2Fhome%2Fharleywolfley%2Fspring25%2Fitm101%2Fgoogle-cloudshell-webserver%2Fserver.js%22%2C%22ref%22%3A%22%22%7D
2025-05-05 12:05:06.910 [info] > git blame --root --incremental d750549661d6798f2f0f67593c4a76cef29f7a83 -- spring25/itm101/google-cloudshell-webserver/server.js [6ms]
2025-05-05 12:05:06.910 [info] fatal: no such path spring25/itm101/google-cloudshell-webserver/server.js in d750549661d6798f2f0f67593c4a76cef29f7a83
