2025-05-05 11:52:22.615 [info] Extension host with pid 21214 started
2025-05-05 11:52:23.202 [info] ExtensionService#_doActivateExtension vscode.github-authentication, startup: false, activationEvent: 'onAuthenticationRequest:github'
2025-05-05 11:52:23.334 [info] ExtensionService#_doActivateExtension vscode.emmet, startup: false, activationEvent: 'onLanguage'
2025-05-05 11:52:23.760 [info] ExtensionService#_doActivateExtension vscode.git-base, startup: true, activationEvent: '*', root cause: vscode.git
2025-05-05 11:52:23.905 [info] ExtensionService#_doActivateExtension vscode.git, startup: true, activationEvent: '*'
2025-05-05 11:52:24.073 [info] ExtensionService#_doActivateExtension vscode.github, startup: true, activationEvent: '*'
2025-05-05 11:52:24.395 [info] Eager extensions activated
2025-05-05 11:52:24.429 [info] ExtensionService#_doActivateExtension vscode.debug-auto-launch, startup: false, activationEvent: 'onStartupFinished'
2025-05-05 11:52:24.431 [info] ExtensionService#_doActivateExtension vscode.merge-conflict, startup: false, activationEvent: 'onStartupFinished'
2025-05-05 11:52:24.482 [info] ExtensionService#_doActivateExtension esbenp.prettier-vscode, startup: false, activationEvent: 'onStartupFinished'
2025-05-05 11:52:24.640 [info] ExtensionService#_doActivateExtension ritwickdey.LiveServer, startup: false, activationEvent: 'onStartupFinished'
2025-05-05 11:52:36.359 [info] Extension host terminating: renderer closed the MessagePort
2025-05-05 11:52:36.414 [info] Extension host with pid 21214 exiting with code 0
2025-05-05 11:52:39.999 [info] Extension host with pid 21258 started
2025-05-05 11:52:39.999 [info] Skipping acquiring lock for /home/harleywolfley/.config/Code/User/workspaceStorage/6b1e01195c062252df3e5d9978786a5f.
2025-05-05 11:52:40.325 [info] ExtensionService#_doActivateExtension vscode.github-authentication, startup: false, activationEvent: 'onAuthenticationRequest:github'
2025-05-05 11:52:40.396 [info] ExtensionService#_doActivateExtension vscode.emmet, startup: false, activationEvent: 'onLanguage'
2025-05-05 11:52:40.747 [info] ExtensionService#_doActivateExtension vscode.git-base, startup: true, activationEvent: '*'
2025-05-05 11:52:40.756 [info] ExtensionService#_doActivateExtension vscode.github, startup: true, activationEvent: '*'
2025-05-05 11:52:40.937 [info] Eager extensions activated
2025-05-05 11:52:40.951 [info] ExtensionService#_doActivateExtension vscode.debug-auto-launch, startup: false, activationEvent: 'onStartupFinished'
2025-05-05 11:52:40.954 [info] ExtensionService#_doActivateExtension vscode.merge-conflict, startup: false, activationEvent: 'onStartupFinished'
2025-05-05 11:52:41.016 [info] ExtensionService#_doActivateExtension esbenp.prettier-vscode, startup: false, activationEvent: 'onStartupFinished'
2025-05-05 11:52:42.612 [info] ExtensionService#_doActivateExtension vscode.git, startup: false, activationEvent: 'api', root cause: vscode.github
2025-05-05 11:52:42.790 [info] ExtensionService#_doActivateExtension ritwickdey.LiveServer, startup: false, activationEvent: 'onStartupFinished'
2025-05-05 11:52:43.773 [warning] [Decorations] CAPPING events from decorations provider vscode.git 10000
2025-05-05 11:52:46.992 [warning] [Decorations] CAPPING events from decorations provider vscode.git 10000
2025-05-05 11:53:05.409 [info] ExtensionService#_doActivateExtension vscode.html-language-features, startup: false, activationEvent: 'onLanguage:html'
2025-05-05 12:04:38.882 [info] ExtensionService#_doActivateExtension vscode.typescript-language-features, startup: false, activationEvent: 'onLanguage:javascript'
