2025-05-07 16:29:55.427 [info] [main] Log level: Info
2025-05-07 16:29:55.427 [info] [main] Validating found git in: "git"
2025-05-07 16:29:55.429 [info] [main] Using git "2.39.5" from "git"
2025-05-07 16:29:55.429 [info] [Model][doInitialScan] Initial repository scan started
2025-05-07 16:29:55.429 [info] [Model][doInitialScan] Initial repository scan completed - repositories (0), closed repositories (0), parent repositories (0), unsafe repositories (0)
2025-05-07 16:36:42.691 [info] [main] Log level: Info
2025-05-07 16:36:42.691 [info] [main] Validating found git in: "git"
2025-05-07 16:36:42.691 [info] [main] Using git "2.39.5" from "git"
2025-05-07 16:36:42.691 [info] [Model][doInitialScan] Initial repository scan started
2025-05-07 16:36:42.691 [info] > git rev-parse --show-toplevel [364ms]
2025-05-07 16:36:43.043 [info] > git rev-parse --git-dir --git-common-dir [344ms]
2025-05-07 16:36:43.090 [info] [Model][openRepository] Opened repository: /home/harleywolfley
2025-05-07 16:36:43.233 [info] > git rev-parse --show-toplevel [78ms]
2025-05-07 16:36:43.235 [info] > git config --get commit.template [109ms]
2025-05-07 16:36:43.344 [info] > git for-each-ref --format=%(refname)%00%(upstream:short)%00%(objectname)%00%(upstream:track)%00%(upstream:remotename)%00%(upstream:remoteref) refs/heads/main refs/remotes/main [10ms]
2025-05-07 16:36:43.345 [info] > git rev-parse --show-toplevel [67ms]
2025-05-07 16:36:43.388 [info] > git rev-parse --show-toplevel [26ms]
2025-05-07 16:36:43.542 [info] > git rev-parse --show-toplevel [118ms]
2025-05-07 16:36:43.556 [info] [Model][doInitialScan] Initial repository scan completed - repositories (1), closed repositories (0), parent repositories (0), unsafe repositories (0)
2025-05-07 16:36:43.655 [info] > git for-each-ref --sort -committerdate --format %(refname)%00%(objectname)%00%(*objectname) [117ms]
2025-05-07 16:36:43.660 [info] > git rev-parse --show-toplevel [54ms]
2025-05-07 16:36:43.990 [info] > git show --textconv :spring25/itm101/0302/index.html [36ms]
2025-05-07 16:36:43.991 [info] > git ls-files --stage -- spring25/itm101/0302/index.html [20ms]
2025-05-07 16:36:44.054 [info] > git hash-object -t tree /dev/null [33ms]
2025-05-07 16:36:44.054 [warning] [GitFileSystemProvider][readFile] File not found - git:/home/harleywolfley/spring25/itm101/0302/index.html.git?%7B%22path%22%3A%22%2Fhome%2Fharleywolfley%2Fspring25%2Fitm101%2F0302%2Findex.html%22%2C%22ref%22%3A%22%22%7D
2025-05-07 16:36:44.056 [info] > git hash-object -t tree /dev/null [52ms]
2025-05-07 16:36:44.056 [warning] [GitFileSystemProvider][stat] File not found - git:/home/harleywolfley/spring25/itm101/0302/index.html.git?%7B%22path%22%3A%22%2Fhome%2Fharleywolfley%2Fspring25%2Fitm101%2F0302%2Findex.html%22%2C%22ref%22%3A%22%22%7D
2025-05-07 16:36:44.544 [info] > git status -z -uall [1069ms] (cancelled)
2025-05-07 16:36:46.808 [info] > git check-ignore -v -z --stdin [30ms]
2025-05-07 16:36:46.809 [info] > git for-each-ref --format=%(refname)%00%(upstream:short)%00%(objectname)%00%(upstream:track)%00%(upstream:remotename)%00%(upstream:remoteref) refs/heads/main refs/remotes/main [2312ms]
2025-05-07 16:36:46.933 [info] > git config --get --local branch.main.vscode-merge-base [115ms]
2025-05-07 16:36:46.933 [warning] [Git][config] git config failed: Failed to execute git
2025-05-07 16:36:46.969 [info] > git config --get commit.template [167ms]
2025-05-07 16:36:46.982 [info] > git reflog main --grep-reflog=branch: Created from *. [13ms]
2025-05-07 16:36:47.043 [info] > git symbolic-ref --short refs/remotes/origin/HEAD [29ms]
2025-05-07 16:36:47.043 [info] fatal: ref refs/remotes/origin/HEAD is not a symbolic ref
2025-05-07 16:36:47.043 [warning] [Repository][getDefaultBranch] Failed to get default branch details: Failed to execute git.
2025-05-07 16:36:47.072 [info] > git merge-base refs/heads/main refs/remotes/origin/main [1ms]
2025-05-07 16:36:47.086 [info] > git for-each-ref --format=%(refname)%00%(upstream:short)%00%(objectname)%00%(upstream:track)%00%(upstream:remotename)%00%(upstream:remoteref) refs/heads/main refs/remotes/main [44ms]
2025-05-07 16:36:47.106 [info] > git diff --name-status -z --diff-filter=ADMR 2b68e74e9d7359115bd3850681e7556059c8b411...refs/remotes/origin/main [21ms]
2025-05-07 16:36:47.212 [info] > git for-each-ref --sort -committerdate --format %(refname)%00%(objectname)%00%(*objectname) [43ms]
2025-05-07 16:36:47.245 [info] > git blame --root --incremental 2b68e74e9d7359115bd3850681e7556059c8b411 -- spring25/itm101/0302/index.html [14ms]
2025-05-07 16:36:47.245 [info] fatal: no such path spring25/itm101/0302/index.html in 2b68e74e9d7359115bd3850681e7556059c8b411
2025-05-07 16:36:47.771 [info] > git status -z -uall [639ms] (cancelled)
2025-05-07 16:36:57.171 [info] > git check-ignore -v -z --stdin [13ms]
2025-05-07 16:37:23.025 [info] > git show --textconv :spring25/itm101/0302/style.css [0ms]
2025-05-07 16:37:23.026 [warning] [GitFileSystemProvider][readFile] File not found - git:/home/harleywolfley/spring25/itm101/0302/style.css.git?%7B%22path%22%3A%22%2Fhome%2Fharleywolfley%2Fspring25%2Fitm101%2F0302%2Fstyle.css%22%2C%22ref%22%3A%22%22%7D
2025-05-07 16:37:23.113 [info] > git ls-files --stage -- spring25/itm101/0302/style.css [60ms]
2025-05-07 16:37:23.114 [warning] [GitFileSystemProvider][stat] File not found - git:/home/harleywolfley/spring25/itm101/0302/style.css.git?%7B%22path%22%3A%22%2Fhome%2Fharleywolfley%2Fspring25%2Fitm101%2F0302%2Fstyle.css%22%2C%22ref%22%3A%22%22%7D
2025-05-07 16:37:23.202 [info] > git blame --root --incremental 2b68e74e9d7359115bd3850681e7556059c8b411 -- spring25/itm101/0302/style.css [2ms]
2025-05-07 16:37:23.204 [info] fatal: no such path spring25/itm101/0302/style.css in 2b68e74e9d7359115bd3850681e7556059c8b411
2025-05-07 16:37:25.405 [info] > git show --textconv :spring25/itm101/0302/script.js [195ms]
2025-05-07 16:37:25.407 [info] > git ls-files --stage -- spring25/itm101/0302/script.js [26ms]
2025-05-07 16:37:25.408 [warning] [GitFileSystemProvider][stat] File not found - git:/home/harleywolfley/spring25/itm101/0302/script.js.git?%7B%22path%22%3A%22%2Fhome%2Fharleywolfley%2Fspring25%2Fitm101%2F0302%2Fscript.js%22%2C%22ref%22%3A%22%22%7D
2025-05-07 16:37:25.411 [warning] [GitFileSystemProvider][readFile] File not found - git:/home/harleywolfley/spring25/itm101/0302/script.js.git?%7B%22path%22%3A%22%2Fhome%2Fharleywolfley%2Fspring25%2Fitm101%2F0302%2Fscript.js%22%2C%22ref%22%3A%22%22%7D
2025-05-07 16:37:25.494 [info] > git blame --root --incremental 2b68e74e9d7359115bd3850681e7556059c8b411 -- spring25/itm101/0302/script.js [5ms]
2025-05-07 16:37:25.494 [info] fatal: no such path spring25/itm101/0302/script.js in 2b68e74e9d7359115bd3850681e7556059c8b411
2025-05-07 16:37:33.767 [info] > git show --textconv :spring25/itm101/0302/03a/index.html [37ms]
2025-05-07 16:37:33.768 [info] > git ls-files --stage -- spring25/itm101/0302/03a/index.html [4ms]
2025-05-07 16:37:33.768 [warning] [GitFileSystemProvider][stat] File not found - git:/home/harleywolfley/spring25/itm101/0302/03a/index.html.git?%7B%22path%22%3A%22%2Fhome%2Fharleywolfley%2Fspring25%2Fitm101%2F0302%2F03a%2Findex.html%22%2C%22ref%22%3A%22%22%7D
2025-05-07 16:37:33.772 [warning] [GitFileSystemProvider][readFile] File not found - git:/home/harleywolfley/spring25/itm101/0302/03a/index.html.git?%7B%22path%22%3A%22%2Fhome%2Fharleywolfley%2Fspring25%2Fitm101%2F0302%2F03a%2Findex.html%22%2C%22ref%22%3A%22%22%7D
2025-05-07 16:37:33.993 [info] > git check-ignore -v -z --stdin [16ms]
2025-05-07 16:37:41.372 [info] > git show --textconv :spring25/itm101/0302/03a/harleywolfley.js [25ms]
2025-05-07 16:37:41.373 [warning] [GitFileSystemProvider][readFile] File not found - git:/home/harleywolfley/spring25/itm101/0302/03a/harleywolfley.js.git?%7B%22path%22%3A%22%2Fhome%2Fharleywolfley%2Fspring25%2Fitm101%2F0302%2F03a%2Fharleywolfley.js%22%2C%22ref%22%3A%22%22%7D
2025-05-07 16:37:41.375 [info] > git ls-files --stage -- spring25/itm101/0302/03a/harleywolfley.js [5ms]
2025-05-07 16:37:41.376 [warning] [GitFileSystemProvider][stat] File not found - git:/home/harleywolfley/spring25/itm101/0302/03a/harleywolfley.js.git?%7B%22path%22%3A%22%2Fhome%2Fharleywolfley%2Fspring25%2Fitm101%2F0302%2F03a%2Fharleywolfley.js%22%2C%22ref%22%3A%22%22%7D
2025-05-07 16:37:41.540 [info] > git check-ignore -v -z --stdin [6ms]
2025-05-07 16:37:45.724 [info] > git show --textconv :spring25/itm101/0302/03a/index.html [11ms]
2025-05-07 16:37:45.725 [warning] [GitFileSystemProvider][readFile] File not found - git:/home/harleywolfley/spring25/itm101/0302/03a/index.html.git?%7B%22path%22%3A%22%2Fhome%2Fharleywolfley%2Fspring25%2Fitm101%2F0302%2F03a%2Findex.html%22%2C%22ref%22%3A%22%22%7D
2025-05-07 16:37:45.728 [info] > git ls-files --stage -- spring25/itm101/0302/03a/index.html [5ms]
2025-05-07 16:37:45.729 [warning] [GitFileSystemProvider][stat] File not found - git:/home/harleywolfley/spring25/itm101/0302/03a/index.html.git?%7B%22path%22%3A%22%2Fhome%2Fharleywolfley%2Fspring25%2Fitm101%2F0302%2F03a%2Findex.html%22%2C%22ref%22%3A%22%22%7D
2025-05-07 16:37:50.889 [info] > git blame --root --incremental 2b68e74e9d7359115bd3850681e7556059c8b411 -- spring25/itm101/0302/03a/index.html [1ms]
2025-05-07 16:37:50.896 [info] fatal: no such path spring25/itm101/0302/03a/index.html in 2b68e74e9d7359115bd3850681e7556059c8b411
2025-05-07 16:37:53.100 [info] > git show --textconv :spring25/itm101/0302/03a/harleywolfley.js [86ms]
2025-05-07 16:37:53.100 [info] > git ls-files --stage -- spring25/itm101/0302/03a/harleywolfley.js [1ms]
2025-05-07 16:37:53.101 [warning] [GitFileSystemProvider][stat] File not found - git:/home/harleywolfley/spring25/itm101/0302/03a/harleywolfley.js.git?%7B%22path%22%3A%22%2Fhome%2Fharleywolfley%2Fspring25%2Fitm101%2F0302%2F03a%2Fharleywolfley.js%22%2C%22ref%22%3A%22%22%7D
2025-05-07 16:37:53.101 [warning] [GitFileSystemProvider][readFile] File not found - git:/home/harleywolfley/spring25/itm101/0302/03a/harleywolfley.js.git?%7B%22path%22%3A%22%2Fhome%2Fharleywolfley%2Fspring25%2Fitm101%2F0302%2F03a%2Fharleywolfley.js%22%2C%22ref%22%3A%22%22%7D
2025-05-07 16:38:02.587 [info] > git show --textconv :spring25/itm101/0302/03a/index.html [58ms]
2025-05-07 16:38:02.587 [info] > git ls-files --stage -- spring25/itm101/0302/03a/index.html [1ms]
2025-05-07 16:38:02.588 [warning] [GitFileSystemProvider][stat] File not found - git:/home/harleywolfley/spring25/itm101/0302/03a/index.html.git?%7B%22path%22%3A%22%2Fhome%2Fharleywolfley%2Fspring25%2Fitm101%2F0302%2F03a%2Findex.html%22%2C%22ref%22%3A%22%22%7D
2025-05-07 16:38:02.595 [warning] [GitFileSystemProvider][readFile] File not found - git:/home/harleywolfley/spring25/itm101/0302/03a/index.html.git?%7B%22path%22%3A%22%2Fhome%2Fharleywolfley%2Fspring25%2Fitm101%2F0302%2F03a%2Findex.html%22%2C%22ref%22%3A%22%22%7D
2025-05-07 16:38:42.391 [info] > git show --textconv :spring25/itm101/0302/03a/harleywolfley.js [4ms]
2025-05-07 16:38:42.391 [warning] [GitFileSystemProvider][readFile] File not found - git:/home/harleywolfley/spring25/itm101/0302/03a/harleywolfley.js.git?%7B%22path%22%3A%22%2Fhome%2Fharleywolfley%2Fspring25%2Fitm101%2F0302%2F03a%2Fharleywolfley.js%22%2C%22ref%22%3A%22%22%7D
2025-05-07 16:38:42.406 [info] > git ls-files --stage -- spring25/itm101/0302/03a/harleywolfley.js [1ms]
2025-05-07 16:38:42.406 [warning] [GitFileSystemProvider][stat] File not found - git:/home/harleywolfley/spring25/itm101/0302/03a/harleywolfley.js.git?%7B%22path%22%3A%22%2Fhome%2Fharleywolfley%2Fspring25%2Fitm101%2F0302%2F03a%2Fharleywolfley.js%22%2C%22ref%22%3A%22%22%7D
2025-05-07 16:38:43.467 [info] > git blame --root --incremental 2b68e74e9d7359115bd3850681e7556059c8b411 -- spring25/itm101/0302/03a/harleywolfley.js [41ms]
2025-05-07 16:38:43.469 [info] fatal: no such path spring25/itm101/0302/03a/harleywolfley.js in 2b68e74e9d7359115bd3850681e7556059c8b411
2025-05-07 16:38:45.923 [info] > git show --textconv :spring25/itm101/0302/03a/index.html [0ms]
2025-05-07 16:38:45.924 [warning] [GitFileSystemProvider][readFile] File not found - git:/home/harleywolfley/spring25/itm101/0302/03a/index.html.git?%7B%22path%22%3A%22%2Fhome%2Fharleywolfley%2Fspring25%2Fitm101%2F0302%2F03a%2Findex.html%22%2C%22ref%22%3A%22%22%7D
2025-05-07 16:38:45.946 [info] > git ls-files --stage -- spring25/itm101/0302/03a/index.html [2ms]
2025-05-07 16:38:45.949 [warning] [GitFileSystemProvider][stat] File not found - git:/home/harleywolfley/spring25/itm101/0302/03a/index.html.git?%7B%22path%22%3A%22%2Fhome%2Fharleywolfley%2Fspring25%2Fitm101%2F0302%2F03a%2Findex.html%22%2C%22ref%22%3A%22%22%7D
