2025-04-30 13:20:18.037 [info] Reading sessions from keychain...
2025-04-30 13:20:18.037 [info] Getting sessions for all scopes...
2025-04-30 13:20:18.037 [info] Getting sessions for all scopes...
2025-04-30 13:20:18.037 [info] Got 0 sessions for ...
2025-04-30 13:20:18.037 [info] Got 0 sessions for ...
2025-04-30 13:20:18.037 [info] Getting sessions for all scopes...
2025-04-30 13:20:18.037 [info] Got 0 sessions for ...
2025-04-30 13:20:18.037 [info] Getting sessions for all scopes...
2025-04-30 13:20:18.037 [info] Got 0 sessions for ...
2025-04-30 13:20:18.037 [info] Getting sessions for all scopes...
2025-04-30 13:20:18.037 [info] Got 0 sessions for ...
2025-04-30 13:20:18.037 [info] Getting sessions for all scopes...
2025-04-30 13:20:18.037 [info] Got 0 sessions for ...
2025-04-30 13:20:18.037 [info] Getting sessions for all scopes...
2025-04-30 13:20:18.037 [info] Got 0 sessions for ...
2025-04-30 13:20:18.949 [info] Getting sessions for all scopes...
2025-04-30 13:20:18.949 [info] Got 0 sessions for ...
2025-04-30 13:20:24.516 [info] Getting sessions for all scopes...
2025-04-30 13:20:24.516 [info] Got 0 sessions for ...
2025-04-30 13:20:24.575 [info] Getting sessions for all scopes...
2025-04-30 13:20:24.575 [info] Got 0 sessions for ...
2025-04-30 13:20:24.681 [info] Getting sessions for read:user,repo,user:email,workflow...
2025-04-30 13:20:24.681 [info] Got 0 sessions for read:user,repo,user:email,workflow...
2025-04-30 13:21:22.308 [info] Getting sessions for read:user,repo,user:email,workflow...
2025-04-30 13:21:22.308 [info] Got 0 sessions for read:user,repo,user:email,workflow...
2025-04-30 13:21:25.604 [info] Logging in with 'any' account...
2025-04-30 13:21:25.605 [info] Logging in for the following scopes: read:user repo user:email workflow
2025-04-30 13:21:25.964 [info] Trying without local server... (read:user repo user:email workflow)
2025-04-30 13:21:40.526 [info] Exchanging code for token...
2025-04-30 13:21:40.847 [info] Token exchange success!
2025-04-30 13:21:40.848 [info] Getting user info...
2025-04-30 13:21:41.368 [info] Got account info!
2025-04-30 13:21:41.370 [info] Storing 1 sessions...
2025-04-30 13:22:26.756 [info] Reading sessions from keychain...
2025-04-30 13:22:26.757 [info] Stored 1 sessions!
2025-04-30 13:22:26.763 [info] Login success!
2025-04-30 13:22:26.851 [info] Got stored sessions!
2025-04-30 13:22:26.851 [info] Got 1 verified sessions.
2025-04-30 13:22:26.851 [info] Getting sessions for all scopes...
2025-04-30 13:22:26.851 [info] Got 1 sessions for ...
2025-04-30 13:22:26.864 [info] Getting sessions for all scopes...
2025-04-30 13:22:26.864 [info] Got 1 sessions for ...
2025-04-30 13:22:26.868 [info] Getting sessions for all scopes...
2025-04-30 13:22:26.868 [info] Got 1 sessions for ...
2025-04-30 13:22:26.872 [info] Getting sessions for all scopes...
2025-04-30 13:22:26.874 [info] Got 1 sessions for ...
2025-04-30 13:22:26.959 [info] Getting sessions for read:user,repo,user:email,workflow...
2025-04-30 13:22:26.959 [info] Got 1 sessions for read:user,repo,user:email,workflow...
2025-04-30 13:22:27.391 [info] Getting sessions for read:user,repo,user:email,workflow...
2025-04-30 13:22:27.392 [info] Got 1 sessions for read:user,repo,user:email,workflow...
2025-04-30 13:22:27.665 [info] Getting sessions for read:user,repo,user:email,workflow...
2025-04-30 13:22:27.665 [info] Got 1 sessions for read:user,repo,user:email,workflow...
2025-05-02 16:01:09.802 [info] Getting sessions for read:user,repo,user:email,workflow...
2025-05-02 16:01:09.803 [info] Got 1 sessions for read:user,repo,user:email,workflow...
