2025-04-26 22:17:46.987 [info] (Client) Pylance async client (2025.4.1) started with python extension (2025.4.0)
2025-04-26 22:17:48.261 [info] [Info  - 10:17:48 PM] (594) Server root directory: file:///home/harleywolfley/.vscode/extensions/ms-python.vscode-pylance-2025.4.1/dist
2025-04-26 22:17:48.264 [info] [Info  - 10:17:48 PM] (594) Pylance language server 2025.4.1 (pyright version 1.1.398, commit 4f24eccc) starting
2025-04-26 22:17:48.482 [info] [Info  - 10:17:48 PM] (594) Starting service instance "<default>" for workspace ""
2025-04-26 22:17:48.554 [info] [Info  - 10:17:48 PM] (594) Setting environmentName for service "<default>": "3.11.2 (global)"
2025-04-26 22:17:48.555 [info] [Info  - 10:17:48 PM] (594) Setting pythonPath for service "<default>": "/bin/python3"
2025-04-26 22:17:48.555 [info] [Info  - 10:17:48 PM] (594) No include entries specified; assuming /<default workspace root>
2025-04-26 22:17:48.555 [info] [Info  - 10:17:48 PM] (594) Auto-excluding **/node_modules
2025-04-26 22:17:48.556 [info] [Info  - 10:17:48 PM] (594) Auto-excluding **/__pycache__
2025-04-26 22:17:48.556 [info] [Info  - 10:17:48 PM] (594) Auto-excluding **/.*
2025-04-26 22:17:48.649 [info] [Info  - 10:17:48 PM] (594) Assuming Python version 3.11.2.final.0
2025-04-26 22:17:48.997 [info] [Error - 10:17:48 PM] (594) File or directory "/<default workspace root>" does not exist.
2025-04-26 22:17:48.997 [info] [Info  - 10:17:48 PM] (594) No source files found.
2025-04-26 22:17:49.251 [info] [Info  - 10:17:49 PM] (594) Setting environmentName for service "<default>": "3.11.2 (global)"
2025-04-26 22:17:49.251 [info] [Info  - 10:17:49 PM] (594) Setting pythonPath for service "<default>": "/bin/python3"
2025-04-26 22:17:49.254 [info] [Info  - 10:17:49 PM] (594) No include entries specified; assuming /<default workspace root>
2025-04-26 22:17:49.254 [info] [Info  - 10:17:49 PM] (594) Auto-excluding **/node_modules
2025-04-26 22:17:49.254 [info] [Info  - 10:17:49 PM] (594) Auto-excluding **/__pycache__
2025-04-26 22:17:49.254 [info] [Info  - 10:17:49 PM] (594) Auto-excluding **/.*
2025-04-26 22:17:49.267 [info] [Info  - 10:17:49 PM] (594) Assuming Python version 3.11.2.final.0
2025-04-26 22:17:49.482 [info] [Error - 10:17:49 PM] (594) File or directory "/<default workspace root>" does not exist.
2025-04-26 22:17:49.488 [info] [Info  - 10:17:49 PM] (594) No source files found.
2025-04-26 22:17:50.771 [info] [Info  - 10:17:50 PM] (594) BG: Priority queue background worker(2) root directory: file:///home/harleywolfley/.vscode/extensions/ms-python.vscode-pylance-2025.4.1/dist
2025-04-26 22:17:50.774 [info] [Info  - 10:17:50 PM] (594) BG: Priority queue background worker(2) started
2025-04-30 12:55:19.783 [info] (Client) Pylance async client (2025.4.1) started with python extension (2025.4.0)
2025-04-30 12:55:20.782 [info] [Info  - 12:55:20 PM] (11167) Server root directory: file:///home/harleywolfley/.vscode/extensions/ms-python.vscode-pylance-2025.4.1/dist
2025-04-30 12:55:20.782 [info] [Info  - 12:55:20 PM] (11167) Pylance language server 2025.4.1 (pyright version 1.1.398, commit 4f24eccc) starting
2025-04-30 12:55:20.792 [info] [Info  - 12:55:20 PM] (11167) Starting service instance "wdd130" for workspace "/home/harleywolfley/spring25/wdd130"
2025-04-30 12:55:21.028 [info] [Info  - 12:55:21 PM] (11167) Setting environmentName for service "wdd130": "3.11.2 (global)"
2025-04-30 12:55:21.029 [info] [Info  - 12:55:21 PM] (11167) Setting pythonPath for service "wdd130": "/bin/python3"
2025-04-30 12:55:21.030 [info] [Info  - 12:55:21 PM] (11167) No include entries specified; assuming /home/harleywolfley/spring25/wdd130
2025-04-30 12:55:21.031 [info] [Info  - 12:55:21 PM] (11167) Auto-excluding **/node_modules
2025-04-30 12:55:21.031 [info] [Info  - 12:55:21 PM] (11167) Auto-excluding **/__pycache__
2025-04-30 12:55:21.032 [info] [Info  - 12:55:21 PM] (11167) Auto-excluding **/.*
2025-04-30 12:55:21.064 [info] [Info  - 12:55:21 PM] (11167) Assuming Python version 3.11.2.final.0
2025-04-30 12:55:21.350 [info] [Info  - 12:55:21 PM] (11167) Found 1 source file
2025-04-30 12:55:21.571 [info] [Info  - 12:55:21 PM] (11167) Setting environmentName for service "wdd130": "3.11.2 (global)"
2025-04-30 12:55:21.573 [info] [Info  - 12:55:21 PM] (11167) Setting pythonPath for service "wdd130": "/bin/python3"
2025-04-30 12:55:21.573 [info] [Info  - 12:55:21 PM] (11167) No include entries specified; assuming /home/harleywolfley/spring25/wdd130
2025-04-30 12:55:21.573 [info] [Info  - 12:55:21 PM] (11167) Auto-excluding **/node_modules
2025-04-30 12:55:21.574 [info] [Info  - 12:55:21 PM] (11167) Auto-excluding **/__pycache__
2025-04-30 12:55:21.574 [info] [Info  - 12:55:21 PM] (11167) Auto-excluding **/.*
2025-04-30 12:55:21.589 [info] [Info  - 12:55:21 PM] (11167) Assuming Python version 3.11.2.final.0
2025-04-30 12:55:23.849 [info] [Info  - 12:55:23 PM] (11167) Found 1 source file
2025-04-30 12:55:23.908 [info] [Info  - 12:55:23 PM] (11167) BG: Priority queue background worker(2) root directory: file:///home/harleywolfley/.vscode/extensions/ms-python.vscode-pylance-2025.4.1/dist
2025-04-30 12:55:23.908 [info] [Info  - 12:55:23 PM] (11167) BG: Priority queue background worker(2) started
2025-04-30 12:59:39.751 [info] [Info  - 12:59:39 PM] (11167) Setting environmentName for service "wdd130": "3.11.2 (global)"
2025-04-30 12:59:39.751 [info] [Info  - 12:59:39 PM] (11167) Setting pythonPath for service "wdd130": "/bin/python3"
2025-04-30 12:59:39.751 [info] [Info  - 12:59:39 PM] (11167) No include entries specified; assuming /home/harleywolfley/spring25/wdd130
2025-04-30 12:59:39.752 [info] [Info  - 12:59:39 PM] (11167) Auto-excluding **/node_modules
2025-04-30 12:59:39.752 [info] [Info  - 12:59:39 PM] (11167) Auto-excluding **/__pycache__
2025-04-30 12:59:39.752 [info] [Info  - 12:59:39 PM] (11167) Auto-excluding **/.*
2025-04-30 12:59:39.862 [info] [Info  - 12:59:39 PM] (11167) Assuming Python version 3.11.2.final.0
2025-04-30 12:59:40.062 [info] [Info  - 12:59:40 PM] (11167) Found 1 source file
