2025-04-30 15:30:51.501 [info] Reading sessions from keychain...
2025-04-30 15:30:51.501 [info] Getting sessions for all scopes...
2025-04-30 15:30:51.501 [info] Getting sessions for all scopes...
2025-04-30 15:30:51.501 [info] Getting sessions for all scopes...
2025-04-30 15:30:51.501 [info] Got 0 sessions for ...
2025-04-30 15:30:51.501 [info] Got 0 sessions for ...
2025-04-30 15:30:51.501 [info] Got 0 sessions for ...
2025-04-30 15:30:51.501 [info] Getting sessions for all scopes...
2025-04-30 15:30:51.501 [info] Got 0 sessions for ...
2025-04-30 15:30:51.501 [info] Getting sessions for all scopes...
2025-04-30 15:30:51.501 [info] Got 0 sessions for ...
2025-04-30 15:30:51.501 [info] Getting sessions for all scopes...
2025-04-30 15:30:51.501 [info] Got 0 sessions for ...
2025-04-30 15:30:51.502 [info] Getting sessions for all scopes...
2025-04-30 15:30:51.502 [info] Got 0 sessions for ...
2025-04-30 15:30:51.502 [info] Getting sessions for all scopes...
2025-04-30 15:30:51.502 [info] Got 0 sessions for ...
2025-04-30 15:30:51.502 [info] Getting sessions for all scopes...
2025-04-30 15:30:51.502 [info] Got 0 sessions for ...
2025-04-30 15:30:52.082 [info] Getting sessions for all scopes...
2025-04-30 15:30:52.082 [info] Got 0 sessions for ...
2025-04-30 15:31:10.393 [info] Getting sessions for read:user,repo,user:email,workflow...
2025-04-30 15:31:10.400 [info] Got 0 sessions for read:user,repo,user:email,workflow...
