2025-05-06 10:37:17.798 [info] Reading sessions from keychain...
2025-05-06 10:37:17.798 [info] Getting sessions for all scopes...
2025-05-06 10:37:17.798 [info] Getting sessions for all scopes...
2025-05-06 10:37:17.798 [info] Getting sessions for all scopes...
2025-05-06 10:37:17.798 [info] Getting sessions for all scopes...
2025-05-06 10:37:17.798 [info] Getting sessions for all scopes...
2025-05-06 10:37:17.798 [info] Getting sessions for all scopes...
2025-05-06 10:37:17.798 [info] Getting sessions for all scopes...
2025-05-06 10:37:17.798 [info] Getting sessions for all scopes...
2025-05-06 10:37:18.105 [info] Got 0 sessions for ...
2025-05-06 10:37:18.105 [info] Got 0 sessions for ...
2025-05-06 10:37:18.105 [info] Got 0 sessions for ...
2025-05-06 10:37:18.105 [info] Got 0 sessions for ...
2025-05-06 10:37:18.105 [info] Got 0 sessions for ...
2025-05-06 10:37:18.105 [info] Got 0 sessions for ...
2025-05-06 10:37:18.105 [info] Got 0 sessions for ...
2025-05-06 10:37:18.105 [info] Got 0 sessions for ...
2025-05-06 10:37:23.872 [info] Getting sessions for all scopes...
2025-05-06 10:37:23.872 [info] Got 0 sessions for ...
2025-05-06 10:37:33.817 [info] Getting sessions for all scopes...
2025-05-06 10:37:33.817 [info] Got 0 sessions for ...
2025-05-06 10:37:39.786 [info] Getting sessions for read:user,repo,user:email,workflow...
2025-05-06 10:37:39.786 [info] Got 0 sessions for read:user,repo,user:email,workflow...
2025-05-07 14:25:37.510 [info] Getting sessions for read:user,repo,user:email,workflow...
2025-05-07 14:25:37.510 [info] Got 0 sessions for read:user,repo,user:email,workflow...
2025-05-07 14:25:40.753 [info] Logging in with 'any' account...
2025-05-07 14:25:40.754 [info] Logging in for the following scopes: read:user repo user:email workflow
2025-05-07 14:25:40.958 [info] Trying without local server... (read:user repo user:email workflow)
2025-05-07 14:25:48.378 [info] Exchanging code for token...
2025-05-07 14:25:48.835 [info] Token exchange success!
2025-05-07 14:25:48.851 [info] Getting user info...
2025-05-07 14:25:49.295 [info] Got account info!
2025-05-07 14:25:49.302 [info] Storing 1 sessions...
2025-05-07 14:26:09.970 [info] Reading sessions from keychain...
2025-05-07 14:26:09.972 [info] Stored 1 sessions!
2025-05-07 14:26:09.973 [info] Login success!
2025-05-07 14:26:10.099 [info] Got stored sessions!
2025-05-07 14:26:10.099 [info] Got 1 verified sessions.
2025-05-07 14:26:10.105 [info] Getting sessions for all scopes...
2025-05-07 14:26:10.105 [info] Got 1 sessions for ...
2025-05-07 14:26:10.113 [info] Getting sessions for all scopes...
2025-05-07 14:26:10.113 [info] Got 1 sessions for ...
2025-05-07 14:26:10.113 [info] Getting sessions for all scopes...
2025-05-07 14:26:10.113 [info] Got 1 sessions for ...
2025-05-07 14:26:10.114 [info] Getting sessions for all scopes...
2025-05-07 14:26:10.114 [info] Got 1 sessions for ...
2025-05-07 14:26:10.157 [info] Getting sessions for read:user,repo,user:email,workflow...
2025-05-07 14:26:10.157 [info] Got 1 sessions for read:user,repo,user:email,workflow...
2025-05-07 14:26:10.594 [info] Getting sessions for read:user,repo,user:email,workflow...
2025-05-07 14:26:10.594 [info] Got 1 sessions for read:user,repo,user:email,workflow...
2025-05-07 14:26:10.690 [info] Getting sessions for read:user,repo,user:email,workflow...
2025-05-07 14:26:10.691 [info] Got 1 sessions for read:user,repo,user:email,workflow...
2025-05-07 18:04:18.502 [info] Getting sessions for read:user,repo,user:email,workflow...
2025-05-07 18:04:18.502 [info] Got 1 sessions for read:user,repo,user:email,workflow...
2025-05-07 18:04:21.091 [info] Getting sessions for all scopes...
2025-05-07 18:04:21.091 [info] Got 1 sessions for ...
2025-05-07 18:04:23.179 [info] Getting sessions for all scopes...
2025-05-07 18:04:23.180 [info] Got 1 sessions for ...
2025-05-07 18:04:23.182 [info] Getting sessions for all scopes...
2025-05-07 18:04:23.182 [info] Got 1 sessions for ...
2025-05-07 18:04:23.183 [info] Getting sessions for all scopes...
2025-05-07 18:04:23.183 [info] Got 1 sessions for ...
2025-05-07 18:04:23.187 [info] Getting sessions for all scopes...
2025-05-07 18:04:23.188 [info] Got 1 sessions for ...
2025-05-07 18:04:23.227 [info] Getting sessions for read:user,repo,user:email,workflow...
2025-05-07 18:04:23.227 [info] Got 1 sessions for read:user,repo,user:email,workflow...
2025-05-07 18:04:23.696 [info] Getting sessions for read:user,repo,user:email,workflow...
2025-05-07 18:04:23.697 [info] Got 1 sessions for read:user,repo,user:email,workflow...
2025-05-07 18:04:56.895 [info] Reading sessions from keychain...
2025-05-07 18:04:56.895 [info] Getting sessions for all scopes...
2025-05-07 18:04:56.895 [info] Getting sessions for all scopes...
2025-05-07 18:04:56.895 [info] Getting sessions for all scopes...
2025-05-07 18:04:56.895 [info] Getting sessions for all scopes...
2025-05-07 18:04:56.895 [info] Getting sessions for all scopes...
2025-05-07 18:04:56.895 [info] Getting sessions for all scopes...
2025-05-07 18:04:56.895 [info] Getting sessions for all scopes...
2025-05-07 18:04:56.895 [info] Getting sessions for all scopes...
2025-05-07 18:04:56.978 [info] Got 0 sessions for ...
2025-05-07 18:04:56.978 [info] Got 0 sessions for ...
2025-05-07 18:04:56.978 [info] Got 0 sessions for ...
2025-05-07 18:04:56.978 [info] Got 0 sessions for ...
2025-05-07 18:04:56.978 [info] Got 0 sessions for ...
2025-05-07 18:04:56.978 [info] Got 0 sessions for ...
2025-05-07 18:04:56.978 [info] Got 0 sessions for ...
2025-05-07 18:04:56.978 [info] Got 0 sessions for ...
2025-05-07 18:04:57.465 [info] Getting sessions for all scopes...
2025-05-07 18:04:57.465 [info] Got 0 sessions for ...
2025-05-07 18:04:57.938 [info] Getting sessions for read:user,repo,user:email,workflow...
2025-05-07 18:04:57.939 [info] Got 0 sessions for read:user,repo,user:email,workflow...
2025-05-07 18:04:58.284 [info] Getting sessions for all scopes...
2025-05-07 18:04:58.285 [info] Got 0 sessions for ...
2025-05-07 18:05:14.993 [info] Logging in with 'any' account...
2025-05-07 18:05:14.994 [info] Logging in for the following scopes: read:user repo user:email workflow
2025-05-07 18:05:15.056 [info] Trying without local server... (read:user repo user:email workflow)
2025-05-07 18:05:24.137 [info] Exchanging code for token...
2025-05-07 18:05:24.506 [info] Token exchange success!
2025-05-07 18:05:24.523 [info] Getting user info...
2025-05-07 18:05:24.828 [info] Got account info!
2025-05-07 18:05:24.829 [info] Storing 1 sessions...
2025-05-07 18:05:32.007 [info] Reading sessions from keychain...
2025-05-07 18:05:32.008 [info] Stored 1 sessions!
2025-05-07 18:05:32.009 [info] Login success!
2025-05-07 18:05:32.028 [info] Got stored sessions!
2025-05-07 18:05:32.028 [info] Got 1 verified sessions.
2025-05-07 18:05:32.029 [info] Getting sessions for all scopes...
2025-05-07 18:05:32.029 [info] Got 1 sessions for ...
2025-05-07 18:05:32.029 [info] Getting sessions for all scopes...
2025-05-07 18:05:32.029 [info] Got 1 sessions for ...
2025-05-07 18:05:32.079 [info] Getting sessions for all scopes...
2025-05-07 18:05:32.080 [info] Got 1 sessions for ...
2025-05-07 18:05:32.080 [info] Getting sessions for all scopes...
2025-05-07 18:05:32.080 [info] Got 1 sessions for ...
