2025-04-23 12:20:50.213 [info] update#setState idle
2025-04-23 12:21:19.978 [info] update#setState checking for updates
2025-04-23 12:21:20.036 [info] update#setState idle
2025-04-23 13:21:20.424 [info] update#setState checking for updates
2025-04-23 13:21:20.861 [info] update#setState idle
2025-04-23 17:42:12.850 [info] update#setState checking for updates
2025-04-23 17:42:32.626 [error] #4: https://update.code.visualstudio.com/api/update/linux-x64/stable/17baf841131aa23349f217ca7c570c76ee87b957 - error undefined net::ERR_NETWORK_CHANGED
2025-04-23 17:42:32.629 [error] Error: net::ERR_NETWORK_CHANGED
    at SimpleURLLoaderWrapper.<anonymous> (node:electron/js2c/browser_init:2:118774)
    at SimpleURLLoaderWrapper.emit (node:events:518:28)
2025-04-23 17:42:32.631 [info] update#setState idle
2025-04-23 19:01:33.469 [info] update#setState checking for updates
2025-04-23 19:01:37.349 [info] update#setState idle
2025-04-23 20:01:32.954 [info] update#setState checking for updates
2025-04-23 20:01:33.361 [info] update#setState idle
2025-04-23 20:16:54.134 [warning] [perf] profiling STARTED a041fdc0-fcbc-4679-8ce6-af75ab9a4377
2025-04-23 20:16:59.254 [warning] [perf] profiling DONE a041fdc0-fcbc-4679-8ce6-af75ab9a4377
2025-04-23 20:16:59.719 [warning] [perf] profiling STARTED a041fdc0-fcbc-4679-8ce6-af75ab9a4377
2025-04-23 20:17:04.786 [warning] [perf] profiling DONE a041fdc0-fcbc-4679-8ce6-af75ab9a4377
2025-04-23 20:17:05.468 [warning] [perf] profiling STARTED a041fdc0-fcbc-4679-8ce6-af75ab9a4377
2025-04-23 20:17:10.557 [warning] [perf] profiling DONE a041fdc0-fcbc-4679-8ce6-af75ab9a4377
2025-04-23 20:24:40.598 [warning] [perf] profiling STARTED 1fd70038-b37c-4b68-bf6d-6b4e6627e02c
2025-04-23 20:24:45.747 [warning] [perf] profiling DONE 1fd70038-b37c-4b68-bf6d-6b4e6627e02c
2025-04-23 20:24:46.282 [warning] [perf] profiling STARTED 1fd70038-b37c-4b68-bf6d-6b4e6627e02c
2025-04-23 20:24:51.344 [warning] [perf] profiling DONE 1fd70038-b37c-4b68-bf6d-6b4e6627e02c
2025-04-23 20:24:51.874 [warning] [perf] profiling STARTED 1fd70038-b37c-4b68-bf6d-6b4e6627e02c
2025-04-23 20:24:56.942 [warning] [perf] profiling DONE 1fd70038-b37c-4b68-bf6d-6b4e6627e02c
2025-04-24 10:06:40.390 [warning] No ptyHost heartbeat after 6 seconds
2025-04-24 10:06:40.853 [info] update#setState checking for updates
2025-04-24 10:06:42.070 [error] #7: https://update.code.visualstudio.com/api/update/linux-x64/stable/17baf841131aa23349f217ca7c570c76ee87b957 - error undefined net::ERR_NETWORK_CHANGED
2025-04-24 10:06:42.071 [error] Error: net::ERR_NETWORK_CHANGED
    at SimpleURLLoaderWrapper.<anonymous> (node:electron/js2c/browser_init:2:118774)
    at SimpleURLLoaderWrapper.emit (node:events:518:28)
2025-04-24 10:06:42.071 [info] update#setState idle
2025-04-24 10:07:06.839 [warning] [perf] profiling STARTED e936eca0-f234-4b9c-b905-674ef9ac7aa2
2025-04-24 10:07:11.901 [warning] [perf] profiling DONE e936eca0-f234-4b9c-b905-674ef9ac7aa2
2025-04-24 10:07:12.440 [warning] [perf] profiling STARTED e936eca0-f234-4b9c-b905-674ef9ac7aa2
2025-04-24 10:07:17.523 [warning] [perf] profiling DONE e936eca0-f234-4b9c-b905-674ef9ac7aa2
2025-04-24 10:07:18.188 [warning] [perf] profiling STARTED e936eca0-f234-4b9c-b905-674ef9ac7aa2
2025-04-24 10:07:23.341 [warning] [perf] profiling DONE e936eca0-f234-4b9c-b905-674ef9ac7aa2
2025-04-24 10:57:56.490 [warning] [perf] profiling STARTED 2aed8f50-5e2c-46d1-8c58-62a16c767086
2025-04-24 10:58:01.572 [warning] [perf] profiling DONE 2aed8f50-5e2c-46d1-8c58-62a16c767086
2025-04-24 10:58:02.157 [warning] [perf] profiling STARTED 2aed8f50-5e2c-46d1-8c58-62a16c767086
2025-04-24 10:58:07.222 [warning] [perf] profiling DONE 2aed8f50-5e2c-46d1-8c58-62a16c767086
2025-04-24 10:58:07.656 [warning] [perf] profiling STARTED 2aed8f50-5e2c-46d1-8c58-62a16c767086
2025-04-24 10:58:12.736 [warning] [perf] profiling DONE 2aed8f50-5e2c-46d1-8c58-62a16c767086
2025-04-24 11:06:41.167 [info] update#setState checking for updates
2025-04-24 11:06:41.371 [info] update#setState idle
2025-04-24 12:00:30.915 [warning] No ptyHost heartbeat after 6 seconds
2025-04-24 12:00:31.927 [warning] [perf] profiling STARTED 3c43e194-2004-4249-b1ca-a02433fdabb2
2025-04-24 12:00:37.015 [warning] [perf] profiling DONE 3c43e194-2004-4249-b1ca-a02433fdabb2
2025-04-24 12:00:37.997 [warning] [perf] profiling STARTED 3c43e194-2004-4249-b1ca-a02433fdabb2
2025-04-24 12:00:43.064 [warning] [perf] profiling DONE 3c43e194-2004-4249-b1ca-a02433fdabb2
2025-04-24 12:00:43.540 [warning] [perf] profiling STARTED 3c43e194-2004-4249-b1ca-a02433fdabb2
2025-04-24 12:00:48.612 [warning] [perf] profiling DONE 3c43e194-2004-4249-b1ca-a02433fdabb2
2025-04-24 12:06:40.490 [info] update#setState checking for updates
2025-04-24 12:06:41.179 [info] update#setState idle
2025-04-24 13:06:40.495 [info] update#setState checking for updates
2025-04-24 13:06:40.786 [info] update#setState idle
2025-04-24 13:53:53.819 [warning] No ptyHost heartbeat after 6 seconds
2025-04-24 14:06:40.856 [info] update#setState checking for updates
2025-04-24 14:06:41.054 [info] update#setState idle
2025-04-24 18:40:06.458 [warning] No ptyHost heartbeat after 6 seconds
2025-04-24 18:40:06.458 [info] update#setState checking for updates
2025-04-24 18:40:10.477 [info] update#setState idle
2025-04-25 18:29:35.719 [warning] No ptyHost heartbeat after 6 seconds
2025-04-25 18:29:35.719 [info] update#setState checking for updates
2025-04-25 18:29:37.393 [error] #13: https://update.code.visualstudio.com/api/update/linux-x64/stable/17baf841131aa23349f217ca7c570c76ee87b957 - error undefined net::ERR_NETWORK_CHANGED
2025-04-25 18:29:37.394 [error] Error: net::ERR_NETWORK_CHANGED
    at SimpleURLLoaderWrapper.<anonymous> (node:electron/js2c/browser_init:2:118774)
    at SimpleURLLoaderWrapper.emit (node:events:518:28)
2025-04-25 18:29:37.394 [info] update#setState idle
2025-04-26 00:45:51.477 [warning] No ptyHost heartbeat after 6 seconds
2025-04-26 00:45:51.487 [info] update#setState checking for updates
2025-04-26 00:45:54.298 [warning] [perf] profiling STARTED 337f7c1c-2e27-49f7-86e0-30375c1b4990
2025-04-26 00:45:56.431 [info] update#setState idle
2025-04-26 00:45:59.363 [warning] [perf] profiling DONE 337f7c1c-2e27-49f7-86e0-30375c1b4990
2025-04-26 00:46:00.766 [warning] [perf] profiling STARTED 337f7c1c-2e27-49f7-86e0-30375c1b4990
2025-04-26 00:46:05.971 [warning] [perf] profiling DONE 337f7c1c-2e27-49f7-86e0-30375c1b4990
2025-04-26 00:46:07.628 [warning] [perf] profiling STARTED 337f7c1c-2e27-49f7-86e0-30375c1b4990
2025-04-26 00:46:12.749 [warning] [perf] profiling DONE 337f7c1c-2e27-49f7-86e0-30375c1b4990
2025-04-26 01:45:51.490 [info] update#setState checking for updates
2025-04-26 01:45:52.149 [info] update#setState idle
2025-04-26 02:45:51.506 [info] update#setState checking for updates
2025-04-26 02:45:51.987 [info] update#setState idle
2025-04-26 16:07:16.800 [warning] No ptyHost heartbeat after 6 seconds
2025-04-26 16:07:16.800 [info] update#setState checking for updates
2025-04-26 16:07:17.803 [error] #17: https://update.code.visualstudio.com/api/update/linux-x64/stable/17baf841131aa23349f217ca7c570c76ee87b957 - error undefined net::ERR_NETWORK_CHANGED
2025-04-26 16:07:17.804 [error] Error: net::ERR_NETWORK_CHANGED
    at SimpleURLLoaderWrapper.<anonymous> (node:electron/js2c/browser_init:2:118774)
    at SimpleURLLoaderWrapper.emit (node:events:518:28)
2025-04-26 16:07:17.804 [info] update#setState idle
2025-04-26 17:07:16.350 [info] update#setState checking for updates
2025-04-26 17:07:16.703 [info] update#setState idle
2025-04-26 19:24:39.571 [warning] No ptyHost heartbeat after 6 seconds
2025-04-26 19:24:39.571 [info] update#setState checking for updates
2025-04-26 19:24:47.769 [info] update#setState idle
2025-04-26 20:24:39.179 [info] update#setState checking for updates
2025-04-26 20:24:39.848 [info] update#setState idle
