2025-04-21 13:33:18.787 [info] update#setState idle
2025-04-21 13:33:48.552 [info] update#setState checking for updates
2025-04-21 13:33:48.591 [info] update#setState idle
2025-04-21 18:42:34.277 [info] update#setState checking for updates
2025-04-21 18:43:00.182 [error] #3: https://update.code.visualstudio.com/api/update/linux-x64/stable/17baf841131aa23349f217ca7c570c76ee87b957 - error undefined net::ERR_NAME_NOT_RESOLVED
2025-04-21 18:43:00.186 [error] Error: net::ERR_NAME_NOT_RESOLVED
    at SimpleURLLoaderWrapper.<anonymous> (node:electron/js2c/browser_init:2:118774)
    at SimpleURLLoaderWrapper.emit (node:events:518:28)
2025-04-21 18:43:00.187 [info] update#setState idle
2025-04-22 10:10:56.976 [info] update#setState checking for updates
2025-04-22 10:11:00.461 [error] #4: https://update.code.visualstudio.com/api/update/linux-x64/stable/17baf841131aa23349f217ca7c570c76ee87b957 - error undefined net::ERR_NETWORK_CHANGED
2025-04-22 10:11:00.461 [error] Error: net::ERR_NETWORK_CHANGED
    at SimpleURLLoaderWrapper.<anonymous> (node:electron/js2c/browser_init:2:118774)
    at SimpleURLLoaderWrapper.emit (node:events:518:28)
2025-04-22 10:11:00.461 [info] update#setState idle
2025-04-22 13:48:24.662 [info] update#setState checking for updates
2025-04-22 13:48:27.554 [info] update#setState idle
2025-04-22 21:22:06.686 [info] update#setState checking for updates
2025-04-22 21:22:33.345 [error] #6: https://update.code.visualstudio.com/api/update/linux-x64/stable/17baf841131aa23349f217ca7c570c76ee87b957 - error undefined net::ERR_NAME_NOT_RESOLVED
2025-04-22 21:22:33.347 [error] Error: net::ERR_NAME_NOT_RESOLVED
    at SimpleURLLoaderWrapper.<anonymous> (node:electron/js2c/browser_init:2:118774)
    at SimpleURLLoaderWrapper.emit (node:events:518:28)
2025-04-22 21:22:33.348 [info] update#setState idle
2025-04-22 22:22:07.205 [info] update#setState checking for updates
2025-04-22 22:22:07.401 [info] update#setState idle
2025-04-22 23:22:07.213 [info] update#setState checking for updates
2025-04-22 23:22:08.062 [info] update#setState idle
2025-04-23 10:32:07.891 [info] update#setState checking for updates
2025-04-23 10:32:08.791 [error] #9: https://update.code.visualstudio.com/api/update/linux-x64/stable/17baf841131aa23349f217ca7c570c76ee87b957 - error undefined net::ERR_NETWORK_CHANGED
2025-04-23 10:32:08.797 [error] Error: net::ERR_NETWORK_CHANGED
    at SimpleURLLoaderWrapper.<anonymous> (node:electron/js2c/browser_init:2:118774)
    at SimpleURLLoaderWrapper.emit (node:events:518:28)
2025-04-23 10:32:08.797 [info] update#setState idle
2025-04-23 11:32:31.676 [info] update#setState checking for updates
2025-04-23 11:32:39.672 [info] update#setState idle
2025-04-23 12:20:46.459 [info] Extension host with pid 1927 exited with code: 0, signal: unknown.
