2025-04-30 13:20:20.587 [info] [main] Log level: Info
2025-04-30 13:20:20.587 [info] [main] Validating found git in: "git"
2025-04-30 13:20:20.587 [info] [main] Using git "2.39.5" from "git"
2025-04-30 13:20:20.587 [info] [Model][doInitialScan] Initial repository scan started
2025-04-30 13:20:20.587 [info] > git rev-parse --show-toplevel [364ms]
2025-04-30 13:20:20.587 [info] > git rev-parse --git-dir --git-common-dir [56ms]
2025-04-30 13:20:20.587 [info] [Model][openRepository] Opened repository: /home/harleywolfley
2025-04-30 13:20:20.636 [info] > git rev-parse --show-toplevel [82ms]
2025-04-30 13:20:20.640 [info] [Model][doInitialScan] Initial repository scan completed - repositories (1), closed repositories (0), parent repositories (0), unsafe repositories (0)
2025-04-30 13:20:20.644 [info] > git config --get commit.template [103ms]
2025-04-30 13:20:20.713 [info] > git for-each-ref --format=%(refname)%00%(upstream:short)%00%(objectname)%00%(upstream:track)%00%(upstream:remotename)%00%(upstream:remoteref) refs/heads/main refs/remotes/main [47ms]
2025-04-30 13:20:20.794 [info] > git for-each-ref --sort -committerdate --format %(refname)%00%(objectname)%00%(*objectname) [39ms]
2025-04-30 13:20:20.859 [info] > git show --textconv :spring25/wdd130/index.html [20ms]
2025-04-30 13:20:20.902 [info] > git hash-object -t tree /dev/null [13ms]
2025-04-30 13:20:20.903 [warning] [GitFileSystemProvider][readFile] File not found - git:/home/harleywolfley/spring25/wdd130/index.html.git?%7B%22path%22%3A%22%2Fhome%2Fharleywolfley%2Fspring25%2Fwdd130%2Findex.html%22%2C%22ref%22%3A%22%22%7D
2025-04-30 13:20:20.909 [info] > git ls-files --stage -- spring25/wdd130/index.html [51ms]
2025-04-30 13:20:20.914 [warning] [GitFileSystemProvider][stat] File not found - git:/home/harleywolfley/spring25/wdd130/index.html.git?%7B%22path%22%3A%22%2Fhome%2Fharleywolfley%2Fspring25%2Fwdd130%2Findex.html%22%2C%22ref%22%3A%22%22%7D
2025-04-30 13:20:21.022 [info] > git blame --root --incremental e08e3346f069b225f421693498a3241d2d3e3eaf -- spring25/wdd130/index.html [17ms]
2025-04-30 13:20:21.023 [info] fatal: no such path spring25/wdd130/index.html in e08e3346f069b225f421693498a3241d2d3e3eaf
2025-04-30 13:20:21.226 [info] > git check-ignore -v -z --stdin [54ms]
2025-04-30 13:20:24.368 [info] > git status -z -uall [3628ms] (cancelled)
2025-04-30 13:20:24.436 [info] > git for-each-ref --format=%(refname)%00%(upstream:short)%00%(objectname)%00%(upstream:track)%00%(upstream:remotename)%00%(upstream:remoteref) refs/heads/main refs/remotes/main [2779ms]
2025-04-30 13:20:24.593 [info] > git config --get --local branch.main.vscode-merge-base [130ms]
2025-04-30 13:20:24.593 [warning] [Git][config] git config failed: Failed to execute git
2025-04-30 13:20:24.624 [info] > git config --get commit.template [257ms]
2025-04-30 13:20:24.645 [info] > git for-each-ref --format=%(refname)%00%(upstream:short)%00%(objectname)%00%(upstream:track)%00%(upstream:remotename)%00%(upstream:remoteref) refs/heads/main refs/remotes/main [3ms]
2025-04-30 13:20:24.657 [info] > git reflog main --grep-reflog=branch: Created from *. [34ms]
2025-04-30 13:20:24.676 [info] > git for-each-ref --sort -committerdate --format %(refname)%00%(objectname)%00%(*objectname) [20ms]
2025-04-30 13:20:24.681 [info] > git symbolic-ref --short refs/remotes/origin/HEAD [5ms]
2025-04-30 13:20:24.681 [info] fatal: ref refs/remotes/origin/HEAD is not a symbolic ref
2025-04-30 13:20:24.681 [warning] [Repository][getDefaultBranch] Failed to get default branch details: Failed to execute git.
2025-04-30 13:20:25.141 [info] > git status -z -uall [491ms] (cancelled)
2025-04-30 13:20:51.229 [info] > git config --get commit.template [1ms]
2025-04-30 13:20:51.260 [info] > git for-each-ref --format=%(refname)%00%(upstream:short)%00%(objectname)%00%(upstream:track)%00%(upstream:remotename)%00%(upstream:remoteref) refs/heads/main refs/remotes/main [13ms]
2025-04-30 13:20:51.302 [info] > git for-each-ref --sort -committerdate --format %(refname)%00%(objectname)%00%(*objectname) [1ms]
2025-04-30 13:20:51.591 [info] > git status -z -uall [312ms] (cancelled)
2025-04-30 13:20:53.464 [info] > git show --textconv :spring25/wdd130/index.html [97ms]
2025-04-30 13:20:53.464 [info] > git show --textconv HEAD:spring25/wdd130/index.html [72ms]
2025-04-30 13:20:53.465 [info] > git ls-files --stage -- spring25/wdd130/index.html [26ms]
2025-04-30 13:20:53.482 [warning] [GitFileSystemProvider][readFile] File not found - git:/home/harleywolfley/spring25/wdd130/index.html.git?%7B%22path%22%3A%22%2Fhome%2Fharleywolfley%2Fspring25%2Fwdd130%2Findex.html%22%2C%22ref%22%3A%22HEAD%22%7D
2025-04-30 13:20:53.484 [info] > git cat-file -s 17b030eca52dd3047b034212c1871801ffebac19 [3ms]
2025-04-30 13:20:53.488 [info] > git ls-tree -l HEAD -- spring25/wdd130/index.html [26ms]
2025-04-30 13:20:53.489 [warning] [GitFileSystemProvider][stat] File not found - git:/home/harleywolfley/spring25/wdd130/index.html.git?%7B%22path%22%3A%22%2Fhome%2Fharleywolfley%2Fspring25%2Fwdd130%2Findex.html%22%2C%22ref%22%3A%22HEAD%22%7D
2025-04-30 13:21:00.936 [info] > git config --get commit.template [2ms]
2025-04-30 13:21:00.957 [info] > git for-each-ref --format=%(refname)%00%(upstream:short)%00%(objectname)%00%(upstream:track)%00%(upstream:remotename)%00%(upstream:remoteref) refs/heads/main refs/remotes/main [1ms]
2025-04-30 13:21:00.995 [info] > git for-each-ref --sort -committerdate --format %(refname)%00%(objectname)%00%(*objectname) [8ms]
2025-04-30 13:21:02.954 [info] > git status -z -uall [1975ms] (cancelled)
2025-04-30 13:21:02.955 [info] > git blame --root --incremental 8a36949462a9731f284e5da2e012ae61d3da494b -- spring25/wdd130/index.html [1487ms]
2025-04-30 13:21:03.258 [info] > git ls-files --stage -- spring25/wdd130/index.html [1ms]
2025-04-30 13:21:03.277 [info] > git cat-file -s 17b030eca52dd3047b034212c1871801ffebac19 [2ms]
2025-04-30 13:21:03.288 [info] > git show --textconv :spring25/wdd130/index.html [2ms]
2025-04-30 13:22:28.731 [info] > git config --get commit.template [31ms]
2025-04-30 13:22:28.739 [info] > git for-each-ref --format=%(refname)%00%(upstream:short)%00%(objectname)%00%(upstream:track)%00%(upstream:remotename)%00%(upstream:remoteref) refs/heads/main refs/remotes/main [11ms]
2025-04-30 13:22:28.897 [info] > git for-each-ref --sort -committerdate --format %(refname)%00%(objectname)%00%(*objectname) [28ms]
2025-04-30 13:22:31.177 [info] > git status -z -uall [2360ms] (cancelled)
2025-04-30 13:22:31.177 [info] > git merge-base refs/heads/main refs/remotes/origin/main [1833ms]
2025-04-30 13:22:31.229 [info] > git diff --name-status -z --diff-filter=ADMR 8a36949462a9731f284e5da2e012ae61d3da494b...refs/remotes/origin/main [43ms]
2025-04-30 13:22:31.471 [info] > git ls-files --stage -- spring25/wdd130/index.html [2ms]
2025-04-30 13:22:31.488 [info] > git cat-file -s 17b030eca52dd3047b034212c1871801ffebac19 [3ms]
2025-04-30 13:22:31.512 [info] > git show --textconv :spring25/wdd130/index.html [3ms]
2025-04-30 13:32:36.774 [info] > git ls-files --stage -- spring25/wdd130/index.html [11ms]
2025-04-30 13:32:36.809 [info] > git cat-file -s 17b030eca52dd3047b034212c1871801ffebac19 [9ms]
2025-04-30 13:32:36.832 [info] > git show --textconv :spring25/wdd130/index.html [3ms]
2025-04-30 13:33:03.992 [info] > git check-ignore -v -z --stdin [26ms]
2025-04-30 13:33:04.268 [info] > git show --textconv :spring25/wdd130/style.css [39ms]
2025-04-30 13:33:04.269 [info] > git ls-files --stage -- spring25/wdd130/style.css [1ms]
2025-04-30 13:33:04.279 [warning] [GitFileSystemProvider][stat] File not found - git:/home/harleywolfley/spring25/wdd130/style.css.git?%7B%22path%22%3A%22%2Fhome%2Fharleywolfley%2Fspring25%2Fwdd130%2Fstyle.css%22%2C%22ref%22%3A%22%22%7D
2025-04-30 13:33:04.286 [warning] [GitFileSystemProvider][readFile] File not found - git:/home/harleywolfley/spring25/wdd130/style.css.git?%7B%22path%22%3A%22%2Fhome%2Fharleywolfley%2Fspring25%2Fwdd130%2Fstyle.css%22%2C%22ref%22%3A%22%22%7D
2025-04-30 13:33:04.328 [info] > git blame --root --incremental 8a36949462a9731f284e5da2e012ae61d3da494b -- spring25/wdd130/style.css [3ms]
2025-04-30 13:33:04.328 [info] fatal: no such path spring25/wdd130/style.css in 8a36949462a9731f284e5da2e012ae61d3da494b
2025-04-30 13:34:17.223 [info] > git check-ignore -v -z --stdin [9ms]
2025-04-30 13:34:40.820 [info] > git ls-files --stage -- spring25/wdd130/wwr/site-plan-rafting.html [2ms]
2025-04-30 13:34:40.821 [warning] [GitFileSystemProvider][stat] File not found - git:/home/harleywolfley/spring25/wdd130/wwr/site-plan-rafting.html.git?%7B%22path%22%3A%22%2Fhome%2Fharleywolfley%2Fspring25%2Fwdd130%2Fwwr%2Fsite-plan-rafting.html%22%2C%22ref%22%3A%22%22%7D
2025-04-30 13:34:40.824 [info] > git show --textconv :spring25/wdd130/wwr/site-plan-rafting.html [13ms]
2025-04-30 13:34:40.825 [warning] [GitFileSystemProvider][readFile] File not found - git:/home/harleywolfley/spring25/wdd130/wwr/site-plan-rafting.html.git?%7B%22path%22%3A%22%2Fhome%2Fharleywolfley%2Fspring25%2Fwdd130%2Fwwr%2Fsite-plan-rafting.html%22%2C%22ref%22%3A%22%22%7D
2025-04-30 13:34:40.978 [info] > git check-ignore -v -z --stdin [6ms]
2025-04-30 13:34:52.359 [info] > git check-ignore -v -z --stdin [9ms]
2025-04-30 13:36:18.201 [info] > git blame --root --incremental 8a36949462a9731f284e5da2e012ae61d3da494b -- spring25/wdd130/wwr/site-plan-rafting.html [1ms]
2025-04-30 13:36:18.201 [info] fatal: no such path spring25/wdd130/wwr/site-plan-rafting.html in 8a36949462a9731f284e5da2e012ae61d3da494b
2025-04-30 13:36:42.978 [info] > git show --textconv :spring25/wdd130/wwr/style.css [30ms]
2025-04-30 13:36:42.979 [info] > git ls-files --stage -- spring25/wdd130/wwr/style.css [12ms]
2025-04-30 13:36:42.979 [warning] [GitFileSystemProvider][stat] File not found - git:/home/harleywolfley/spring25/wdd130/wwr/style.css.git?%7B%22path%22%3A%22%2Fhome%2Fharleywolfley%2Fspring25%2Fwdd130%2Fwwr%2Fstyle.css%22%2C%22ref%22%3A%22%22%7D
2025-04-30 13:36:42.981 [warning] [GitFileSystemProvider][readFile] File not found - git:/home/harleywolfley/spring25/wdd130/wwr/style.css.git?%7B%22path%22%3A%22%2Fhome%2Fharleywolfley%2Fspring25%2Fwdd130%2Fwwr%2Fstyle.css%22%2C%22ref%22%3A%22%22%7D
2025-04-30 13:36:43.026 [info] > git blame --root --incremental 8a36949462a9731f284e5da2e012ae61d3da494b -- spring25/wdd130/wwr/style.css [1ms]
2025-04-30 13:36:43.026 [info] fatal: no such path spring25/wdd130/wwr/style.css in 8a36949462a9731f284e5da2e012ae61d3da494b
2025-04-30 13:36:44.964 [info] > git show --textconv :spring25/wdd130/index.html [31ms]
2025-04-30 13:36:44.979 [info] > git ls-files --stage -- spring25/wdd130/index.html [7ms]
2025-04-30 13:36:44.998 [info] > git cat-file -s 17b030eca52dd3047b034212c1871801ffebac19 [10ms]
2025-04-30 13:36:46.643 [info] > git show --textconv :spring25/wdd130/wwr/style.css [3ms]
2025-04-30 13:36:46.644 [warning] [GitFileSystemProvider][readFile] File not found - git:/home/harleywolfley/spring25/wdd130/wwr/style.css.git?%7B%22path%22%3A%22%2Fhome%2Fharleywolfley%2Fspring25%2Fwdd130%2Fwwr%2Fstyle.css%22%2C%22ref%22%3A%22%22%7D
2025-04-30 13:36:46.662 [info] > git ls-files --stage -- spring25/wdd130/wwr/style.css [8ms]
2025-04-30 13:36:46.662 [warning] [GitFileSystemProvider][stat] File not found - git:/home/harleywolfley/spring25/wdd130/wwr/style.css.git?%7B%22path%22%3A%22%2Fhome%2Fharleywolfley%2Fspring25%2Fwdd130%2Fwwr%2Fstyle.css%22%2C%22ref%22%3A%22%22%7D
2025-04-30 13:36:47.583 [info] > git show --textconv :spring25/wdd130/wwr/site-plan-rafting.html [15ms]
2025-04-30 13:36:47.586 [info] > git ls-files --stage -- spring25/wdd130/wwr/site-plan-rafting.html [3ms]
2025-04-30 13:36:47.586 [warning] [GitFileSystemProvider][stat] File not found - git:/home/harleywolfley/spring25/wdd130/wwr/site-plan-rafting.html.git?%7B%22path%22%3A%22%2Fhome%2Fharleywolfley%2Fspring25%2Fwdd130%2Fwwr%2Fsite-plan-rafting.html%22%2C%22ref%22%3A%22%22%7D
2025-04-30 13:36:47.599 [warning] [GitFileSystemProvider][readFile] File not found - git:/home/harleywolfley/spring25/wdd130/wwr/site-plan-rafting.html.git?%7B%22path%22%3A%22%2Fhome%2Fharleywolfley%2Fspring25%2Fwdd130%2Fwwr%2Fsite-plan-rafting.html%22%2C%22ref%22%3A%22%22%7D
2025-04-30 13:45:40.596 [info] > git check-ignore -v -z --stdin [2ms]
2025-04-30 13:45:52.938 [info] > git check-ignore -v -z --stdin [8ms]
2025-04-30 13:45:58.058 [info] > git check-ignore -v -z --stdin [6ms]
2025-04-30 13:46:00.372 [info] > git check-ignore -v -z --stdin [9ms]
2025-04-30 13:46:02.155 [info] > git check-ignore -v -z --stdin [2ms]
2025-04-30 13:46:04.841 [info] > git check-ignore -v -z --stdin [19ms]
2025-05-01 17:13:22.530 [info] > git show --textconv :spring25/itm101/index.html [25ms]
2025-05-01 17:13:22.533 [warning] [GitFileSystemProvider][readFile] File not found - git:/home/harleywolfley/spring25/itm101/index.html.git?%7B%22path%22%3A%22%2Fhome%2Fharleywolfley%2Fspring25%2Fitm101%2Findex.html%22%2C%22ref%22%3A%22%22%7D
2025-05-01 17:13:22.536 [info] > git ls-files --stage -- spring25/itm101/index.html [20ms]
2025-05-01 17:13:22.537 [warning] [GitFileSystemProvider][stat] File not found - git:/home/harleywolfley/spring25/itm101/index.html.git?%7B%22path%22%3A%22%2Fhome%2Fharleywolfley%2Fspring25%2Fitm101%2Findex.html%22%2C%22ref%22%3A%22%22%7D
2025-05-01 17:13:22.783 [info] > git check-ignore -v -z --stdin [8ms]
2025-05-01 17:13:24.333 [info] > git blame --root --incremental 8a36949462a9731f284e5da2e012ae61d3da494b -- spring25/itm101/index.html [11ms]
2025-05-01 17:13:24.334 [info] fatal: no such path spring25/itm101/index.html in 8a36949462a9731f284e5da2e012ae61d3da494b
2025-05-02 12:51:54.599 [info] > git show --textconv :spring25/wdd130/wwr/site-plan-rafting.html [19ms]
2025-05-02 12:51:54.599 [info] > git ls-files --stage -- spring25/wdd130/wwr/site-plan-rafting.html [3ms]
2025-05-02 12:51:54.601 [warning] [GitFileSystemProvider][stat] File not found - git:/home/harleywolfley/spring25/wdd130/wwr/site-plan-rafting.html.git?%7B%22path%22%3A%22%2Fhome%2Fharleywolfley%2Fspring25%2Fwdd130%2Fwwr%2Fsite-plan-rafting.html%22%2C%22ref%22%3A%22%22%7D
2025-05-02 12:51:54.603 [warning] [GitFileSystemProvider][readFile] File not found - git:/home/harleywolfley/spring25/wdd130/wwr/site-plan-rafting.html.git?%7B%22path%22%3A%22%2Fhome%2Fharleywolfley%2Fspring25%2Fwdd130%2Fwwr%2Fsite-plan-rafting.html%22%2C%22ref%22%3A%22%22%7D
2025-05-02 12:51:56.215 [info] > git show --textconv :spring25/itm101/index.html [26ms]
2025-05-02 12:51:56.216 [warning] [GitFileSystemProvider][readFile] File not found - git:/home/harleywolfley/spring25/itm101/index.html.git?%7B%22path%22%3A%22%2Fhome%2Fharleywolfley%2Fspring25%2Fitm101%2Findex.html%22%2C%22ref%22%3A%22%22%7D
2025-05-02 12:51:56.217 [info] > git ls-files --stage -- spring25/itm101/index.html [4ms]
2025-05-02 12:51:56.218 [warning] [GitFileSystemProvider][stat] File not found - git:/home/harleywolfley/spring25/itm101/index.html.git?%7B%22path%22%3A%22%2Fhome%2Fharleywolfley%2Fspring25%2Fitm101%2Findex.html%22%2C%22ref%22%3A%22%22%7D
2025-05-02 12:52:01.536 [info] > git show --textconv :spring25/wdd130/wwr/site-plan-rafting.html [23ms]
2025-05-02 12:52:01.538 [warning] [GitFileSystemProvider][readFile] File not found - git:/home/harleywolfley/spring25/wdd130/wwr/site-plan-rafting.html.git?%7B%22path%22%3A%22%2Fhome%2Fharleywolfley%2Fspring25%2Fwdd130%2Fwwr%2Fsite-plan-rafting.html%22%2C%22ref%22%3A%22%22%7D
2025-05-02 12:52:01.539 [info] > git ls-files --stage -- spring25/wdd130/wwr/site-plan-rafting.html [4ms]
2025-05-02 12:52:01.540 [warning] [GitFileSystemProvider][stat] File not found - git:/home/harleywolfley/spring25/wdd130/wwr/site-plan-rafting.html.git?%7B%22path%22%3A%22%2Fhome%2Fharleywolfley%2Fspring25%2Fwdd130%2Fwwr%2Fsite-plan-rafting.html%22%2C%22ref%22%3A%22%22%7D
2025-05-02 13:20:38.735 [info] > git show --textconv :spring25/wdd130/wwr/style.css [18ms]
2025-05-02 13:20:38.737 [warning] [GitFileSystemProvider][readFile] File not found - git:/home/harleywolfley/spring25/wdd130/wwr/style.css.git?%7B%22path%22%3A%22%2Fhome%2Fharleywolfley%2Fspring25%2Fwdd130%2Fwwr%2Fstyle.css%22%2C%22ref%22%3A%22%22%7D
2025-05-02 13:20:38.742 [info] > git ls-files --stage -- spring25/wdd130/wwr/style.css [8ms]
2025-05-02 13:20:38.745 [warning] [GitFileSystemProvider][stat] File not found - git:/home/harleywolfley/spring25/wdd130/wwr/style.css.git?%7B%22path%22%3A%22%2Fhome%2Fharleywolfley%2Fspring25%2Fwdd130%2Fwwr%2Fstyle.css%22%2C%22ref%22%3A%22%22%7D
2025-05-02 13:23:43.960 [info] > git show --textconv :spring25/wdd130/wwr/site-plan-rafting.html [0ms]
2025-05-02 13:23:43.961 [warning] [GitFileSystemProvider][readFile] File not found - git:/home/harleywolfley/spring25/wdd130/wwr/site-plan-rafting.html.git?%7B%22path%22%3A%22%2Fhome%2Fharleywolfley%2Fspring25%2Fwdd130%2Fwwr%2Fsite-plan-rafting.html%22%2C%22ref%22%3A%22%22%7D
2025-05-02 13:23:44.029 [info] > git ls-files --stage -- spring25/wdd130/wwr/site-plan-rafting.html [4ms]
2025-05-02 13:23:44.032 [warning] [GitFileSystemProvider][stat] File not found - git:/home/harleywolfley/spring25/wdd130/wwr/site-plan-rafting.html.git?%7B%22path%22%3A%22%2Fhome%2Fharleywolfley%2Fspring25%2Fwdd130%2Fwwr%2Fsite-plan-rafting.html%22%2C%22ref%22%3A%22%22%7D
2025-05-02 13:30:38.399 [info] > git show --textconv :spring25/wdd130/wwr/style.css [22ms]
2025-05-02 13:30:38.400 [warning] [GitFileSystemProvider][readFile] File not found - git:/home/harleywolfley/spring25/wdd130/wwr/style.css.git?%7B%22path%22%3A%22%2Fhome%2Fharleywolfley%2Fspring25%2Fwdd130%2Fwwr%2Fstyle.css%22%2C%22ref%22%3A%22%22%7D
2025-05-02 13:30:38.408 [info] > git ls-files --stage -- spring25/wdd130/wwr/style.css [10ms]
2025-05-02 13:30:38.410 [warning] [GitFileSystemProvider][stat] File not found - git:/home/harleywolfley/spring25/wdd130/wwr/style.css.git?%7B%22path%22%3A%22%2Fhome%2Fharleywolfley%2Fspring25%2Fwdd130%2Fwwr%2Fstyle.css%22%2C%22ref%22%3A%22%22%7D
2025-05-02 13:30:41.199 [info] > git show --textconv :spring25/wdd130/wwr/site-plan-rafting.html [48ms]
2025-05-02 13:30:41.200 [warning] [GitFileSystemProvider][readFile] File not found - git:/home/harleywolfley/spring25/wdd130/wwr/site-plan-rafting.html.git?%7B%22path%22%3A%22%2Fhome%2Fharleywolfley%2Fspring25%2Fwdd130%2Fwwr%2Fsite-plan-rafting.html%22%2C%22ref%22%3A%22%22%7D
2025-05-02 13:30:41.226 [info] > git ls-files --stage -- spring25/wdd130/wwr/site-plan-rafting.html [28ms]
2025-05-02 13:30:41.226 [warning] [GitFileSystemProvider][stat] File not found - git:/home/harleywolfley/spring25/wdd130/wwr/site-plan-rafting.html.git?%7B%22path%22%3A%22%2Fhome%2Fharleywolfley%2Fspring25%2Fwdd130%2Fwwr%2Fsite-plan-rafting.html%22%2C%22ref%22%3A%22%22%7D
2025-05-02 13:34:09.834 [info] > git show --textconv :spring25/wdd130/wwr/style.css [12ms]
2025-05-02 13:34:09.839 [warning] [GitFileSystemProvider][readFile] File not found - git:/home/harleywolfley/spring25/wdd130/wwr/style.css.git?%7B%22path%22%3A%22%2Fhome%2Fharleywolfley%2Fspring25%2Fwdd130%2Fwwr%2Fstyle.css%22%2C%22ref%22%3A%22%22%7D
2025-05-02 13:34:09.842 [info] > git ls-files --stage -- spring25/wdd130/wwr/style.css [10ms]
2025-05-02 13:34:09.842 [warning] [GitFileSystemProvider][stat] File not found - git:/home/harleywolfley/spring25/wdd130/wwr/style.css.git?%7B%22path%22%3A%22%2Fhome%2Fharleywolfley%2Fspring25%2Fwdd130%2Fwwr%2Fstyle.css%22%2C%22ref%22%3A%22%22%7D
2025-05-02 14:52:03.927 [info] > git show --textconv :spring25/wdd130/wwr/site-plan-rafting.html [46ms]
2025-05-02 14:52:03.927 [info] > git ls-files --stage -- spring25/wdd130/wwr/site-plan-rafting.html [6ms]
2025-05-02 14:52:03.928 [warning] [GitFileSystemProvider][stat] File not found - git:/home/harleywolfley/spring25/wdd130/wwr/site-plan-rafting.html.git?%7B%22path%22%3A%22%2Fhome%2Fharleywolfley%2Fspring25%2Fwdd130%2Fwwr%2Fsite-plan-rafting.html%22%2C%22ref%22%3A%22%22%7D
2025-05-02 14:52:03.933 [warning] [GitFileSystemProvider][readFile] File not found - git:/home/harleywolfley/spring25/wdd130/wwr/site-plan-rafting.html.git?%7B%22path%22%3A%22%2Fhome%2Fharleywolfley%2Fspring25%2Fwdd130%2Fwwr%2Fsite-plan-rafting.html%22%2C%22ref%22%3A%22%22%7D
2025-05-02 14:52:33.877 [info] > git show --textconv :spring25/wdd130/wwr/style.css [19ms]
2025-05-02 14:52:33.878 [warning] [GitFileSystemProvider][readFile] File not found - git:/home/harleywolfley/spring25/wdd130/wwr/style.css.git?%7B%22path%22%3A%22%2Fhome%2Fharleywolfley%2Fspring25%2Fwdd130%2Fwwr%2Fstyle.css%22%2C%22ref%22%3A%22%22%7D
2025-05-02 14:52:33.886 [info] > git ls-files --stage -- spring25/wdd130/wwr/style.css [10ms]
2025-05-02 14:52:33.888 [warning] [GitFileSystemProvider][stat] File not found - git:/home/harleywolfley/spring25/wdd130/wwr/style.css.git?%7B%22path%22%3A%22%2Fhome%2Fharleywolfley%2Fspring25%2Fwdd130%2Fwwr%2Fstyle.css%22%2C%22ref%22%3A%22%22%7D
2025-05-02 14:53:10.990 [info] > git show --textconv :spring25/wdd130/wwr/site-plan-rafting.html [16ms]
2025-05-02 14:53:10.990 [warning] [GitFileSystemProvider][readFile] File not found - git:/home/harleywolfley/spring25/wdd130/wwr/site-plan-rafting.html.git?%7B%22path%22%3A%22%2Fhome%2Fharleywolfley%2Fspring25%2Fwdd130%2Fwwr%2Fsite-plan-rafting.html%22%2C%22ref%22%3A%22%22%7D
2025-05-02 14:53:10.994 [info] > git ls-files --stage -- spring25/wdd130/wwr/site-plan-rafting.html [5ms]
2025-05-02 14:53:10.995 [warning] [GitFileSystemProvider][stat] File not found - git:/home/harleywolfley/spring25/wdd130/wwr/site-plan-rafting.html.git?%7B%22path%22%3A%22%2Fhome%2Fharleywolfley%2Fspring25%2Fwdd130%2Fwwr%2Fsite-plan-rafting.html%22%2C%22ref%22%3A%22%22%7D
2025-05-02 14:54:00.802 [info] > git show --textconv :spring25/wdd130/wwr/style.css [29ms]
2025-05-02 14:54:00.807 [warning] [GitFileSystemProvider][readFile] File not found - git:/home/harleywolfley/spring25/wdd130/wwr/style.css.git?%7B%22path%22%3A%22%2Fhome%2Fharleywolfley%2Fspring25%2Fwdd130%2Fwwr%2Fstyle.css%22%2C%22ref%22%3A%22%22%7D
2025-05-02 14:54:00.813 [info] > git ls-files --stage -- spring25/wdd130/wwr/style.css [12ms]
2025-05-02 14:54:00.814 [warning] [GitFileSystemProvider][stat] File not found - git:/home/harleywolfley/spring25/wdd130/wwr/style.css.git?%7B%22path%22%3A%22%2Fhome%2Fharleywolfley%2Fspring25%2Fwdd130%2Fwwr%2Fstyle.css%22%2C%22ref%22%3A%22%22%7D
2025-05-02 14:54:55.783 [info] > git show --textconv :spring25/wdd130/wwr/site-plan-rafting.html [9ms]
2025-05-02 14:54:55.793 [warning] [GitFileSystemProvider][readFile] File not found - git:/home/harleywolfley/spring25/wdd130/wwr/site-plan-rafting.html.git?%7B%22path%22%3A%22%2Fhome%2Fharleywolfley%2Fspring25%2Fwdd130%2Fwwr%2Fsite-plan-rafting.html%22%2C%22ref%22%3A%22%22%7D
2025-05-02 14:54:55.795 [info] > git ls-files --stage -- spring25/wdd130/wwr/site-plan-rafting.html [13ms]
2025-05-02 14:54:55.796 [warning] [GitFileSystemProvider][stat] File not found - git:/home/harleywolfley/spring25/wdd130/wwr/site-plan-rafting.html.git?%7B%22path%22%3A%22%2Fhome%2Fharleywolfley%2Fspring25%2Fwdd130%2Fwwr%2Fsite-plan-rafting.html%22%2C%22ref%22%3A%22%22%7D
2025-05-02 14:54:57.242 [info] > git show --textconv :spring25/wdd130/wwr/style.css [54ms]
2025-05-02 14:54:57.245 [warning] [GitFileSystemProvider][readFile] File not found - git:/home/harleywolfley/spring25/wdd130/wwr/style.css.git?%7B%22path%22%3A%22%2Fhome%2Fharleywolfley%2Fspring25%2Fwdd130%2Fwwr%2Fstyle.css%22%2C%22ref%22%3A%22%22%7D
2025-05-02 14:54:57.267 [info] > git ls-files --stage -- spring25/wdd130/wwr/style.css [26ms]
2025-05-02 14:54:57.268 [warning] [GitFileSystemProvider][stat] File not found - git:/home/harleywolfley/spring25/wdd130/wwr/style.css.git?%7B%22path%22%3A%22%2Fhome%2Fharleywolfley%2Fspring25%2Fwdd130%2Fwwr%2Fstyle.css%22%2C%22ref%22%3A%22%22%7D
2025-05-02 14:59:49.100 [info] > git show --textconv :spring25/wdd130/wwr/site-plan-rafting.html [15ms]
2025-05-02 14:59:49.101 [warning] [GitFileSystemProvider][readFile] File not found - git:/home/harleywolfley/spring25/wdd130/wwr/site-plan-rafting.html.git?%7B%22path%22%3A%22%2Fhome%2Fharleywolfley%2Fspring25%2Fwdd130%2Fwwr%2Fsite-plan-rafting.html%22%2C%22ref%22%3A%22%22%7D
2025-05-02 14:59:49.104 [info] > git ls-files --stage -- spring25/wdd130/wwr/site-plan-rafting.html [5ms]
2025-05-02 14:59:49.105 [warning] [GitFileSystemProvider][stat] File not found - git:/home/harleywolfley/spring25/wdd130/wwr/site-plan-rafting.html.git?%7B%22path%22%3A%22%2Fhome%2Fharleywolfley%2Fspring25%2Fwdd130%2Fwwr%2Fsite-plan-rafting.html%22%2C%22ref%22%3A%22%22%7D
2025-05-02 15:00:01.740 [info] > git show --textconv :spring25/wdd130/wwr/style.css [0ms]
2025-05-02 15:00:01.741 [warning] [GitFileSystemProvider][readFile] File not found - git:/home/harleywolfley/spring25/wdd130/wwr/style.css.git?%7B%22path%22%3A%22%2Fhome%2Fharleywolfley%2Fspring25%2Fwdd130%2Fwwr%2Fstyle.css%22%2C%22ref%22%3A%22%22%7D
2025-05-02 15:00:01.756 [info] > git ls-files --stage -- spring25/wdd130/wwr/style.css [0ms]
2025-05-02 15:00:01.757 [warning] [GitFileSystemProvider][stat] File not found - git:/home/harleywolfley/spring25/wdd130/wwr/style.css.git?%7B%22path%22%3A%22%2Fhome%2Fharleywolfley%2Fspring25%2Fwdd130%2Fwwr%2Fstyle.css%22%2C%22ref%22%3A%22%22%7D
2025-05-02 15:11:48.506 [info] > git show --textconv :spring25/wdd130/wwr/site-plan-rafting.html [70ms]
2025-05-02 15:11:48.506 [info] > git ls-files --stage -- spring25/wdd130/wwr/site-plan-rafting.html [1ms]
2025-05-02 15:11:48.524 [warning] [GitFileSystemProvider][stat] File not found - git:/home/harleywolfley/spring25/wdd130/wwr/site-plan-rafting.html.git?%7B%22path%22%3A%22%2Fhome%2Fharleywolfley%2Fspring25%2Fwdd130%2Fwwr%2Fsite-plan-rafting.html%22%2C%22ref%22%3A%22%22%7D
2025-05-02 15:11:48.525 [warning] [GitFileSystemProvider][readFile] File not found - git:/home/harleywolfley/spring25/wdd130/wwr/site-plan-rafting.html.git?%7B%22path%22%3A%22%2Fhome%2Fharleywolfley%2Fspring25%2Fwdd130%2Fwwr%2Fsite-plan-rafting.html%22%2C%22ref%22%3A%22%22%7D
2025-05-02 15:20:33.617 [info] > git show --textconv :spring25/wdd130/wwr/style.css [20ms]
2025-05-02 15:20:33.617 [info] > git ls-files --stage -- spring25/wdd130/wwr/style.css [1ms]
2025-05-02 15:20:33.618 [warning] [GitFileSystemProvider][stat] File not found - git:/home/harleywolfley/spring25/wdd130/wwr/style.css.git?%7B%22path%22%3A%22%2Fhome%2Fharleywolfley%2Fspring25%2Fwdd130%2Fwwr%2Fstyle.css%22%2C%22ref%22%3A%22%22%7D
2025-05-02 15:20:33.618 [warning] [GitFileSystemProvider][readFile] File not found - git:/home/harleywolfley/spring25/wdd130/wwr/style.css.git?%7B%22path%22%3A%22%2Fhome%2Fharleywolfley%2Fspring25%2Fwdd130%2Fwwr%2Fstyle.css%22%2C%22ref%22%3A%22%22%7D
2025-05-02 15:36:44.038 [info] > git show --textconv :spring25/wdd130/wwr/site-plan-rafting.html [3ms]
2025-05-02 15:36:44.044 [warning] [GitFileSystemProvider][readFile] File not found - git:/home/harleywolfley/spring25/wdd130/wwr/site-plan-rafting.html.git?%7B%22path%22%3A%22%2Fhome%2Fharleywolfley%2Fspring25%2Fwdd130%2Fwwr%2Fsite-plan-rafting.html%22%2C%22ref%22%3A%22%22%7D
2025-05-02 15:36:44.059 [info] > git ls-files --stage -- spring25/wdd130/wwr/site-plan-rafting.html [5ms]
2025-05-02 15:36:44.062 [warning] [GitFileSystemProvider][stat] File not found - git:/home/harleywolfley/spring25/wdd130/wwr/site-plan-rafting.html.git?%7B%22path%22%3A%22%2Fhome%2Fharleywolfley%2Fspring25%2Fwdd130%2Fwwr%2Fsite-plan-rafting.html%22%2C%22ref%22%3A%22%22%7D
2025-05-02 15:47:18.233 [info] > git show --textconv :spring25/wdd130/wwr/style.css [39ms]
2025-05-02 15:47:18.233 [info] > git ls-files --stage -- spring25/wdd130/wwr/style.css [1ms]
2025-05-02 15:47:18.238 [warning] [GitFileSystemProvider][stat] File not found - git:/home/harleywolfley/spring25/wdd130/wwr/style.css.git?%7B%22path%22%3A%22%2Fhome%2Fharleywolfley%2Fspring25%2Fwdd130%2Fwwr%2Fstyle.css%22%2C%22ref%22%3A%22%22%7D
2025-05-02 15:47:18.239 [warning] [GitFileSystemProvider][readFile] File not found - git:/home/harleywolfley/spring25/wdd130/wwr/style.css.git?%7B%22path%22%3A%22%2Fhome%2Fharleywolfley%2Fspring25%2Fwdd130%2Fwwr%2Fstyle.css%22%2C%22ref%22%3A%22%22%7D
2025-05-02 15:56:46.732 [info] > git show --textconv :spring25/wdd130/wwr/site-plan-rafting.html [16ms]
2025-05-02 15:56:46.742 [warning] [GitFileSystemProvider][readFile] File not found - git:/home/harleywolfley/spring25/wdd130/wwr/site-plan-rafting.html.git?%7B%22path%22%3A%22%2Fhome%2Fharleywolfley%2Fspring25%2Fwdd130%2Fwwr%2Fsite-plan-rafting.html%22%2C%22ref%22%3A%22%22%7D
2025-05-02 15:56:46.752 [info] > git ls-files --stage -- spring25/wdd130/wwr/site-plan-rafting.html [27ms]
2025-05-02 15:56:46.752 [warning] [GitFileSystemProvider][stat] File not found - git:/home/harleywolfley/spring25/wdd130/wwr/site-plan-rafting.html.git?%7B%22path%22%3A%22%2Fhome%2Fharleywolfley%2Fspring25%2Fwdd130%2Fwwr%2Fsite-plan-rafting.html%22%2C%22ref%22%3A%22%22%7D
2025-05-02 15:56:54.097 [info] > git show --textconv :spring25/wdd130/wwr/style.css [11ms]
2025-05-02 15:56:54.099 [warning] [GitFileSystemProvider][readFile] File not found - git:/home/harleywolfley/spring25/wdd130/wwr/style.css.git?%7B%22path%22%3A%22%2Fhome%2Fharleywolfley%2Fspring25%2Fwdd130%2Fwwr%2Fstyle.css%22%2C%22ref%22%3A%22%22%7D
2025-05-02 15:56:54.131 [info] > git ls-files --stage -- spring25/wdd130/wwr/style.css [20ms]
2025-05-02 15:56:54.133 [warning] [GitFileSystemProvider][stat] File not found - git:/home/harleywolfley/spring25/wdd130/wwr/style.css.git?%7B%22path%22%3A%22%2Fhome%2Fharleywolfley%2Fspring25%2Fwdd130%2Fwwr%2Fstyle.css%22%2C%22ref%22%3A%22%22%7D
2025-05-02 15:57:05.071 [info] > git show --textconv :spring25/wdd130/wwr/site-plan-rafting.html [26ms]
2025-05-02 15:57:05.072 [warning] [GitFileSystemProvider][readFile] File not found - git:/home/harleywolfley/spring25/wdd130/wwr/site-plan-rafting.html.git?%7B%22path%22%3A%22%2Fhome%2Fharleywolfley%2Fspring25%2Fwdd130%2Fwwr%2Fsite-plan-rafting.html%22%2C%22ref%22%3A%22%22%7D
2025-05-02 15:57:05.074 [info] > git ls-files --stage -- spring25/wdd130/wwr/site-plan-rafting.html [16ms]
2025-05-02 15:57:05.074 [warning] [GitFileSystemProvider][stat] File not found - git:/home/harleywolfley/spring25/wdd130/wwr/site-plan-rafting.html.git?%7B%22path%22%3A%22%2Fhome%2Fharleywolfley%2Fspring25%2Fwdd130%2Fwwr%2Fsite-plan-rafting.html%22%2C%22ref%22%3A%22%22%7D
2025-05-02 15:57:12.279 [info] > git show --textconv :spring25/wdd130/wwr/style.css [1ms]
2025-05-02 15:57:12.280 [warning] [GitFileSystemProvider][readFile] File not found - git:/home/harleywolfley/spring25/wdd130/wwr/style.css.git?%7B%22path%22%3A%22%2Fhome%2Fharleywolfley%2Fspring25%2Fwdd130%2Fwwr%2Fstyle.css%22%2C%22ref%22%3A%22%22%7D
2025-05-02 15:57:12.296 [info] > git ls-files --stage -- spring25/wdd130/wwr/style.css [3ms]
2025-05-02 15:57:12.297 [warning] [GitFileSystemProvider][stat] File not found - git:/home/harleywolfley/spring25/wdd130/wwr/style.css.git?%7B%22path%22%3A%22%2Fhome%2Fharleywolfley%2Fspring25%2Fwdd130%2Fwwr%2Fstyle.css%22%2C%22ref%22%3A%22%22%7D
2025-05-02 16:00:48.161 [info] > git config --get commit.template [15ms]
2025-05-02 16:00:48.203 [info] > git for-each-ref --format=%(refname)%00%(upstream:short)%00%(objectname)%00%(upstream:track)%00%(upstream:remotename)%00%(upstream:remoteref) refs/heads/main refs/remotes/main [46ms]
2025-05-02 16:00:48.255 [info] > git for-each-ref --sort -committerdate --format %(refname)%00%(objectname)%00%(*objectname) [4ms]
2025-05-02 16:00:48.615 [info] > git status -z -uall [376ms] (cancelled)
2025-05-02 16:00:50.585 [info] > git show --textconv :spring25/wdd130/wwr/style.css [70ms]
2025-05-02 16:00:50.585 [info] > git show --textconv HEAD:spring25/wdd130/wwr/style.css [39ms]
2025-05-02 16:00:50.585 [info] > git ls-files --stage -- spring25/wdd130/wwr/style.css [22ms]
2025-05-02 16:00:50.602 [warning] [GitFileSystemProvider][readFile] File not found - git:/home/harleywolfley/spring25/wdd130/wwr/style.css.git?%7B%22path%22%3A%22%2Fhome%2Fharleywolfley%2Fspring25%2Fwdd130%2Fwwr%2Fstyle.css%22%2C%22ref%22%3A%22HEAD%22%7D
2025-05-02 16:00:50.606 [info] > git cat-file -s 07b6bb2abf243a4d22c2b01429f12e09920ccf5b [5ms]
2025-05-02 16:00:50.612 [info] > git ls-tree -l HEAD -- spring25/wdd130/wwr/style.css [28ms]
2025-05-02 16:00:50.613 [warning] [GitFileSystemProvider][stat] File not found - git:/home/harleywolfley/spring25/wdd130/wwr/style.css.git?%7B%22path%22%3A%22%2Fhome%2Fharleywolfley%2Fspring25%2Fwdd130%2Fwwr%2Fstyle.css%22%2C%22ref%22%3A%22HEAD%22%7D
2025-05-02 16:01:03.343 [info] > git config --get commit.template [1ms]
2025-05-02 16:01:03.360 [info] > git for-each-ref --format=%(refname)%00%(upstream:short)%00%(objectname)%00%(upstream:track)%00%(upstream:remotename)%00%(upstream:remoteref) refs/heads/main refs/remotes/main [3ms]
2025-05-02 16:01:03.404 [info] > git for-each-ref --sort -committerdate --format %(refname)%00%(objectname)%00%(*objectname) [11ms]
2025-05-02 16:01:05.227 [info] > git status -z -uall [1845ms] (cancelled)
2025-05-02 16:01:05.227 [info] > git merge-base refs/heads/main refs/remotes/origin/main [1383ms]
2025-05-02 16:01:05.263 [info] > git blame --root --incremental d750549661d6798f2f0f67593c4a76cef29f7a83 -- spring25/wdd130/wwr/style.css [1430ms]
2025-05-02 16:01:05.292 [info] > git diff --name-status -z --diff-filter=ADMR 8a36949462a9731f284e5da2e012ae61d3da494b...refs/remotes/origin/main [29ms]
2025-05-02 16:01:05.692 [info] > git ls-files --stage -- spring25/wdd130/wwr/style.css [2ms]
2025-05-02 16:01:05.710 [info] > git cat-file -s 07b6bb2abf243a4d22c2b01429f12e09920ccf5b [1ms]
2025-05-02 16:01:05.723 [info] > git show --textconv :spring25/wdd130/wwr/style.css [1ms]
2025-05-02 16:01:11.278 [info] > git config --get commit.template [2ms]
2025-05-02 16:01:11.304 [info] > git for-each-ref --format=%(refname)%00%(upstream:short)%00%(objectname)%00%(upstream:track)%00%(upstream:remotename)%00%(upstream:remoteref) refs/heads/main refs/remotes/main [14ms]
2025-05-02 16:01:11.385 [info] > git for-each-ref --sort -committerdate --format %(refname)%00%(objectname)%00%(*objectname) [10ms]
2025-05-02 16:01:11.711 [info] > git status -z -uall [356ms] (cancelled)
2025-05-02 16:01:11.717 [info] > git merge-base refs/heads/main refs/remotes/origin/main [8ms]
2025-05-02 16:01:13.150 [info] > git diff --name-status -z --diff-filter=ADMR d750549661d6798f2f0f67593c4a76cef29f7a83...refs/remotes/origin/main [1409ms]
2025-05-02 16:01:14.499 [info] > git show --textconv :spring25/wdd130/wwr/site-plan-rafting.html [29ms]
2025-05-02 16:01:14.503 [info] > git ls-files --stage -- spring25/wdd130/wwr/site-plan-rafting.html [5ms]
2025-05-02 16:01:14.518 [info] > git cat-file -s f9662d188592b454bceee6f0ad1758979bb824d4 [2ms]
2025-05-02 16:01:14.605 [info] > git blame --root --incremental d750549661d6798f2f0f67593c4a76cef29f7a83 -- spring25/wdd130/wwr/site-plan-rafting.html [2ms]
2025-05-05 11:52:08.450 [info] > git check-ignore -v -z --stdin [15ms]
