2025-04-30 13:20:15.598 [info] Extension host with pid 12289 started
2025-04-30 13:20:15.598 [info] Skipping acquiring lock for /home/harleywolfley/.config/Code/User/workspaceStorage/c4b5a01a1320f916ec9fd15c7d74e796.
2025-04-30 13:20:17.363 [info] ExtensionService#_doActivateExtension vscode.github-authentication, startup: false, activationEvent: 'onAuthenticationRequest:github'
2025-04-30 13:20:17.462 [info] ExtensionService#_doActivateExtension vscode.emmet, startup: false, activationEvent: 'onLanguage'
2025-04-30 13:20:17.534 [info] ExtensionService#_doActivateExtension vscode.html-language-features, startup: false, activationEvent: 'onLanguage:html'
2025-04-30 13:20:17.945 [info] ExtensionService#_doActivateExtension vscode.git-base, startup: true, activationEvent: '*', root cause: vscode.git
2025-04-30 13:20:18.567 [info] ExtensionService#_doActivateExtension vscode.git, startup: true, activationEvent: '*'
2025-04-30 13:20:18.778 [info] ExtensionService#_doActivateExtension vscode.github, startup: true, activationEvent: '*'
2025-04-30 13:20:19.215 [info] Eager extensions activated
2025-04-30 13:20:19.224 [info] ExtensionService#_doActivateExtension vscode.configuration-editing, startup: false, activationEvent: 'onLanguage:json'
2025-04-30 13:20:19.286 [info] ExtensionService#_doActivateExtension vscode.extension-editing, startup: false, activationEvent: 'onLanguage:json'
2025-04-30 13:20:19.346 [info] ExtensionService#_doActivateExtension vscode.json-language-features, startup: false, activationEvent: 'onLanguage:json'
2025-04-30 13:20:19.687 [info] ExtensionService#_doActivateExtension vscode.npm, startup: false, activationEvent: 'onLanguage:json'
2025-04-30 13:20:19.916 [info] ExtensionService#_doActivateExtension vscode.debug-auto-launch, startup: false, activationEvent: 'onStartupFinished'
2025-04-30 13:20:19.919 [info] ExtensionService#_doActivateExtension vscode.merge-conflict, startup: false, activationEvent: 'onStartupFinished'
2025-04-30 13:20:19.973 [info] ExtensionService#_doActivateExtension esbenp.prettier-vscode, startup: false, activationEvent: 'onStartupFinished'
2025-04-30 13:20:20.126 [info] ExtensionService#_doActivateExtension ritwickdey.LiveServer, startup: false, activationEvent: 'onStartupFinished'
2025-04-30 13:20:21.608 [warning] [Decorations] CAPPING events from decorations provider vscode.git 10000
2025-04-30 13:20:25.095 [warning] [Decorations] CAPPING events from decorations provider vscode.git 10002
2025-04-30 13:20:51.570 [warning] [Decorations] CAPPING events from decorations provider vscode.git 10005
2025-04-30 13:21:01.430 [warning] [Decorations] CAPPING events from decorations provider vscode.git 10005
2025-04-30 13:22:29.317 [warning] [Decorations] CAPPING events from decorations provider vscode.git 10001
2025-04-30 13:32:46.204 [info] ExtensionService#_doActivateExtension vscode.css-language-features, startup: false, activationEvent: 'onLanguage:css'
2025-04-30 13:45:51.699 [info] ExtensionService#_doActivateExtension vscode.typescript-language-features, startup: false, activationEvent: 'onLanguage:jsonc'
2025-05-02 12:56:13.166 [info] ExtensionService#_doActivateExtension vscode.simple-browser, startup: false, activationEvent: 'onOpenExternalUri:https'
2025-05-02 16:00:48.589 [warning] [Decorations] CAPPING events from decorations provider vscode.git 10096
2025-05-02 16:01:03.803 [warning] [Decorations] CAPPING events from decorations provider vscode.git 10013
2025-05-02 16:01:11.690 [warning] [Decorations] CAPPING events from decorations provider vscode.git 10000
