2025-05-07 16:29:54.442 [info] Reading sessions from keychain...
2025-05-07 16:29:54.442 [info] Getting sessions for all scopes...
2025-05-07 16:29:54.442 [info] Getting sessions for all scopes...
2025-05-07 16:29:54.442 [info] Getting sessions for all scopes...
2025-05-07 16:29:54.442 [info] Getting sessions for all scopes...
2025-05-07 16:29:54.442 [info] Getting sessions for all scopes...
2025-05-07 16:29:54.442 [info] Getting sessions for all scopes...
2025-05-07 16:29:54.442 [info] Getting sessions for all scopes...
2025-05-07 16:29:54.442 [info] Getting sessions for all scopes...
2025-05-07 16:29:54.442 [info] Got 0 sessions for ...
2025-05-07 16:29:54.442 [info] Got 0 sessions for ...
2025-05-07 16:29:54.442 [info] Got 0 sessions for ...
2025-05-07 16:29:54.442 [info] Got 0 sessions for ...
2025-05-07 16:29:54.442 [info] Got 0 sessions for ...
2025-05-07 16:29:54.442 [info] Got 0 sessions for ...
2025-05-07 16:29:54.442 [info] Got 0 sessions for ...
2025-05-07 16:29:54.442 [info] Got 0 sessions for ...
2025-05-07 16:29:55.262 [info] Getting sessions for all scopes...
2025-05-07 16:29:55.262 [info] Got 0 sessions for ...
2025-05-07 16:29:56.452 [info] Getting sessions for all scopes...
2025-05-07 16:29:56.452 [info] Got 0 sessions for ...
2025-05-07 16:36:40.404 [info] Reading sessions from keychain...
2025-05-07 16:36:40.404 [info] Getting sessions for all scopes...
2025-05-07 16:36:40.404 [info] Getting sessions for all scopes...
2025-05-07 16:36:40.404 [info] Getting sessions for all scopes...
2025-05-07 16:36:40.404 [info] Getting sessions for all scopes...
2025-05-07 16:36:40.404 [info] Getting sessions for all scopes...
2025-05-07 16:36:40.404 [info] Getting sessions for all scopes...
2025-05-07 16:36:40.404 [info] Getting sessions for all scopes...
2025-05-07 16:36:40.404 [info] Getting sessions for all scopes...
2025-05-07 16:36:40.404 [info] Got 0 sessions for ...
2025-05-07 16:36:40.404 [info] Got 0 sessions for ...
2025-05-07 16:36:40.404 [info] Got 0 sessions for ...
2025-05-07 16:36:40.404 [info] Got 0 sessions for ...
2025-05-07 16:36:40.404 [info] Got 0 sessions for ...
2025-05-07 16:36:40.404 [info] Got 0 sessions for ...
2025-05-07 16:36:40.404 [info] Got 0 sessions for ...
2025-05-07 16:36:40.404 [info] Got 0 sessions for ...
2025-05-07 16:36:40.404 [info] Getting sessions for all scopes...
2025-05-07 16:36:40.404 [info] Got 0 sessions for ...
2025-05-07 16:36:42.888 [info] Getting sessions for all scopes...
2025-05-07 16:36:42.888 [info] Got 0 sessions for ...
2025-05-07 16:36:46.868 [info] Getting sessions for all scopes...
2025-05-07 16:36:46.868 [info] Got 0 sessions for ...
2025-05-07 16:36:47.171 [info] Getting sessions for read:user,repo,user:email,workflow...
2025-05-07 16:36:47.171 [info] Got 0 sessions for read:user,repo,user:email,workflow...
